#
# There is insufficient memory for the Java Runtime Environment to continue.
# Native memory allocation (mmap) failed to map 65536 bytes for Failed to commit area from 0x0000019f164d0000 to 0x0000019f164e0000 of length 65536.
# Possible reasons:
#   The system is out of physical RAM or swap space
#   The process is running with CompressedOops enabled, and the Java Heap may be blocking the growth of the native heap
# Possible solutions:
#   Reduce memory load on the system
#   Increase physical memory or swap space
#   Check if swap backing store is full
#   Decrease Java heap size (-Xmx/-Xms)
#   Decrease number of Java threads
#   Decrease Java thread stack sizes (-Xss)
#   Set larger code cache with -XX:ReservedCodeCacheSize=
#   JVM is running with Unscaled Compressed Oops mode in which the Java heap is
#     placed in the first 4GB address space. The Java Heap base address is the
#     maximum limit for the native heap growth. Please use -XX:HeapBaseMinAddress
#     to set the Java Heap base and to place the Java Heap above 4GB virtual address.
# This output file may be truncated or incomplete.
#
#  Out of Memory Error (./src/hotspot/os/windows/os_windows.cpp:3301), pid=904, tid=900
#
# JRE version: OpenJDK Runtime Environment (11.0.10) (build 11.0.10+0-b96-7249189)
# Java VM: OpenJDK 64-Bit Server VM (11.0.10+0-b96-7249189, mixed mode, tiered, compressed oops, g1 gc, windows-amd64)
# No core dump will be written. Minidumps are not enabled by default on client versions of Windows
#

---------------  S U M M A R Y ------------

Command Line: --add-opens=java.base/java.util=ALL-UNNAMED --add-opens=java.base/java.lang=ALL-UNNAMED --add-opens=java.base/java.lang.invoke=ALL-UNNAMED --add-opens=java.base/java.util=ALL-UNNAMED --add-opens=java.prefs/java.util.prefs=ALL-UNNAMED --add-opens=java.prefs/java.util.prefs=ALL-UNNAMED --add-opens=java.base/java.nio.charset=ALL-UNNAMED --add-opens=java.base/java.net=ALL-UNNAMED --add-opens=java.base/java.util.concurrent.atomic=ALL-UNNAMED -Xmx2048m -Dfile.encoding=UTF-8 -Duser.country=ID -Duser.language=en -Duser.variant org.gradle.launcher.daemon.bootstrap.GradleDaemon 7.0.2

Host: Intel(R) Celeron(R) N4120 CPU @ 1.10GHz, 4 cores, 3G,  Windows 10 , 64 bit Build 18362 (10.0.18362.1500)
Time: Mon Sep 20 00:21:23 2021 SE Asia Standard Time elapsed time: 6636.986180 seconds (0d 1h 50m 36s)

---------------  T H R E A D  ---------------

Current thread (0x0000019f1a279800):  VMThread "VM Thread" [stack: 0x0000008977200000,0x0000008977300000] [id=900]

Stack: [0x0000008977200000,0x0000008977300000]
[error occurred during error reporting (printing stack bounds), id 0xc0000005, EXCEPTION_ACCESS_VIOLATION (0xc0000005) at pc=0x0000019f03a30f3d]

Native frames: (J=compiled Java code, j=interpreted, Vv=VM code, C=native code)
V  [jvm.dll+0x5ecfaa]
V  [jvm.dll+0x722bd5]
V  [jvm.dll+0x72412d]
V  [jvm.dll+0x724745]
V  [jvm.dll+0x7246fb]
V  [jvm.dll+0x5ec348]
V  [jvm.dll+0x5ecad8]
C  [ntdll.dll+0xa1fff]
C  [ntdll.dll+0x6aad9]
C  [ntdll.dll+0xa0c6e]
C  0x0000019f03a30f3d

VM_Operation (0x000000897b3fd170): G1CollectForAllocation, mode: safepoint, requested by thread 0x0000019f279ee800


---------------  P R O C E S S  ---------------

Threads class SMR info:
_java_thread_list=0x0000019f2162d980, length=73, elements={
0x0000019f7d2cf000, 0x0000019f1a27c000, 0x0000019f1a27d800, 0x0000019f1ac03000,
0x0000019f1ac05000, 0x0000019f1ac06000, 0x0000019f1ac0c800, 0x0000019f1a2d5000,
0x0000019f1a2d7000, 0x0000019f1ad70000, 0x0000019f1c276800, 0x0000019f1af5d800,
0x0000019f1c620800, 0x0000019f1c289800, 0x0000019f1c287000, 0x0000019f1d8c5000,
0x0000019f1d8c6000, 0x0000019f1d8c3800, 0x0000019f1d8c0000, 0x0000019f1d8c1800,
0x0000019f1d8c6800, 0x0000019f1d8c1000, 0x0000019f1d8cd000, 0x0000019f1d8cb800,
0x0000019f1f17f800, 0x0000019f1f184000, 0x0000019f1d8ca800, 0x0000019f2216d800,
0x0000019f2216d000, 0x0000019f22177800, 0x0000019f22175000, 0x0000019f22172800,
0x0000019f279e7000, 0x0000019f2216e800, 0x0000019f279e3800, 0x0000019f1f185800,
0x0000019f279ea000, 0x0000019f279e5800, 0x0000019f279e8000, 0x0000019f1f186000,
0x0000019f1f181800, 0x0000019f1f182000, 0x0000019f1f180800, 0x0000019f1f188800,
0x0000019f1f189800, 0x0000019f1f187000, 0x0000019f1f18a800, 0x0000019f1f184800,
0x0000019f1f188000, 0x0000019f1f18b000, 0x0000019f1f18c000, 0x0000019f279e3000,
0x0000019f279e2000, 0x0000019f279e9800, 0x0000019f279e8800, 0x0000019f279e4800,
0x0000019f279eb000, 0x0000019f279ec000, 0x0000019f279e6000, 0x0000019f279f0000,
0x0000019f279ed800, 0x0000019f279ef000, 0x0000019f279ee800, 0x0000019f279ec800,
0x0000019f22169000, 0x0000019f2216f800, 0x0000019f2216b000, 0x0000019f22170000,
0x0000019f22171800, 0x0000019f22173800, 0x0000019f22174000, 0x0000019f22176800,
0x0000019f22176000
}

Java Threads: ( => current thread )
  0x0000019f7d2cf000 JavaThread "main" [_thread_blocked, id=8104, stack(0x0000008976c00000,0x0000008976d00000)]
  0x0000019f1a27c000 JavaThread "Reference Handler" daemon [_thread_blocked, id=10176, stack(0x0000008977300000,0x0000008977400000)]
  0x0000019f1a27d800 JavaThread "Finalizer" daemon [_thread_blocked, id=9176, stack(0x0000008977400000,0x0000008977500000)]
  0x0000019f1ac03000 JavaThread "Signal Dispatcher" daemon [_thread_blocked, id=1856, stack(0x0000008977500000,0x0000008977600000)]
  0x0000019f1ac05000 JavaThread "Attach Listener" daemon [_thread_blocked, id=10716, stack(0x0000008977600000,0x0000008977700000)]
  0x0000019f1ac06000 JavaThread "Service Thread" daemon [_thread_blocked, id=8308, stack(0x0000008977700000,0x0000008977800000)]
  0x0000019f1ac0c800 JavaThread "C2 CompilerThread0" daemon [_thread_in_native, id=6808, stack(0x0000008977800000,0x0000008977900000)]
  0x0000019f1a2d5000 JavaThread "C1 CompilerThread0" daemon [_thread_blocked, id=3492, stack(0x0000008977900000,0x0000008977a00000)]
  0x0000019f1a2d7000 JavaThread "Sweeper thread" daemon [_thread_blocked, id=6856, stack(0x0000008977a00000,0x0000008977b00000)]
  0x0000019f1ad70000 JavaThread "Common-Cleaner" daemon [_thread_blocked, id=10692, stack(0x0000008977b00000,0x0000008977c00000)]
  0x0000019f1c276800 JavaThread "Daemon health stats" [_thread_blocked, id=7272, stack(0x0000008977f00000,0x0000008978000000)]
  0x0000019f1af5d800 JavaThread "Incoming local TCP Connector on port 60349" [_thread_in_native, id=12252, stack(0x0000008977d00000,0x0000008977e00000)]
  0x0000019f1c620800 JavaThread "Daemon periodic checks" [_thread_blocked, id=1820, stack(0x0000008978000000,0x0000008978100000)]
  0x0000019f1c289800 JavaThread "Cache worker for file hash cache (C:\Users\ACER\.gradle\caches\7.0.2\fileHashes)" [_thread_blocked, id=12136, stack(0x0000008978a00000,0x0000008978b00000)]
  0x0000019f1c287000 JavaThread "File lock request listener" [_thread_in_native, id=6324, stack(0x0000008978b00000,0x0000008978c00000)]
  0x0000019f1d8c5000 JavaThread "Cache worker for journal cache (C:\Users\ACER\.gradle\caches\journal-1)" [_thread_blocked, id=9848, stack(0x0000008978c00000,0x0000008978d00000)]
  0x0000019f1d8c6000 JavaThread "File watcher server" daemon [_thread_blocked, id=5128, stack(0x0000008978f00000,0x0000008979000000)]
  0x0000019f1d8c3800 JavaThread "File watcher consumer" daemon [_thread_blocked, id=7216, stack(0x0000008979000000,0x0000008979100000)]
  0x0000019f1d8c0000 JavaThread "jar transforms" [_thread_blocked, id=11124, stack(0x0000008979100000,0x0000008979200000)]
  0x0000019f1d8c1800 JavaThread "jar transforms Thread 2" [_thread_blocked, id=9020, stack(0x0000008979200000,0x0000008979300000)]
  0x0000019f1d8c6800 JavaThread "jar transforms Thread 3" [_thread_blocked, id=8848, stack(0x0000008979300000,0x0000008979400000)]
  0x0000019f1d8c1000 JavaThread "jar transforms Thread 4" [_thread_blocked, id=3940, stack(0x0000008979400000,0x0000008979500000)]
  0x0000019f1d8cd000 JavaThread "Cache worker for execution history cache (C:\Users\ACER\.gradle\caches\7.0.2\executionHistory)" [_thread_blocked, id=5172, stack(0x0000008979800000,0x0000008979900000)]
  0x0000019f1d8cb800 JavaThread "Cache worker for file content cache (C:\Users\ACER\.gradle\caches\7.0.2\fileContent)" [_thread_blocked, id=7664, stack(0x0000008979900000,0x0000008979a00000)]
  0x0000019f1f17f800 JavaThread "Memory manager" [_thread_blocked, id=6844, stack(0x000000897a000000,0x000000897a100000)]
  0x0000019f1f184000 JavaThread "pool-3-thread-1" [_thread_blocked, id=2208, stack(0x000000897a100000,0x000000897a200000)]
  0x0000019f1d8ca800 JavaThread "pool-6-thread-1" [_thread_blocked, id=9968, stack(0x0000008979e00000,0x0000008979f00000)]
  0x0000019f2216d800 JavaThread "RMI Scheduler(0)" daemon [_thread_blocked, id=5492, stack(0x0000008979600000,0x0000008979700000)]
  0x0000019f2216d000 JavaThread "RMI GC Daemon" daemon [_thread_blocked, id=3456, stack(0x000000897ae00000,0x000000897af00000)]
  0x0000019f22177800 JavaThread "RMI TCP Accept-0" daemon [_thread_in_native, id=9656, stack(0x000000897af00000,0x000000897b000000)]
  0x0000019f22175000 JavaThread "RMI Reaper" [_thread_blocked, id=11196, stack(0x000000897b000000,0x000000897b100000)]
  0x0000019f22172800 JavaThread "Cache worker for Java compile cache (C:\Users\ACER\.gradle\caches\7.0.2\javaCompile)" [_thread_blocked, id=11368, stack(0x000000897a900000,0x000000897aa00000)]
  0x0000019f279e7000 JavaThread "ForkJoinPool.commonPool-worker-5" daemon [_thread_blocked, id=6280, stack(0x000000897b600000,0x000000897b700000)]
  0x0000019f2216e800 JavaThread "pool-11-thread-1" [_thread_blocked, id=10352, stack(0x0000008979f00000,0x000000897a000000)]
  0x0000019f279e3800 JavaThread "pool-14-thread-1" [_thread_blocked, id=11772, stack(0x000000897a300000,0x000000897a400000)]
  0x0000019f1f185800 JavaThread "pool-17-thread-1" [_thread_blocked, id=9284, stack(0x000000897a200000,0x000000897a300000)]
  0x0000019f279ea000 JavaThread "pool-20-thread-1" [_thread_blocked, id=8744, stack(0x000000897a500000,0x000000897a600000)]
  0x0000019f279e5800 JavaThread "Daemon Thread 6" [_thread_blocked, id=10740, stack(0x0000008976900000,0x0000008976a00000)]
  0x0000019f279e8000 JavaThread "Daemon worker Thread 6" [_thread_blocked, id=11900, stack(0x0000008978100000,0x0000008978200000)]
  0x0000019f1f186000 JavaThread "pool-23-thread-1" [_thread_blocked, id=8288, stack(0x0000008979d00000,0x0000008979e00000)]
  0x0000019f1f181800 JavaThread "Handler for socket connection from /127.0.0.1:60349 to /127.0.0.1:57379" [_thread_in_native, id=976, stack(0x0000008976a00000,0x0000008976b00000)]
  0x0000019f1f182000 JavaThread "Cancel handler" [_thread_blocked, id=5484, stack(0x0000008976b00000,0x0000008976c00000)]
  0x0000019f1f180800 JavaThread "Asynchronous log dispatcher for DefaultDaemonConnection: socket connection from /127.0.0.1:60349 to /127.0.0.1:57379" [_thread_blocked, id=9516, stack(0x0000008978200000,0x0000008978300000)]
  0x0000019f1f188800 JavaThread "Stdin handler" [_thread_blocked, id=9956, stack(0x0000008978300000,0x0000008978400000)]
  0x0000019f1f189800 JavaThread "Daemon client event forwarder" [_thread_blocked, id=9768, stack(0x0000008978400000,0x0000008978500000)]
  0x0000019f1f187000 JavaThread "Cache worker for file hash cache (E:\Minstagram_meisya\.gradle\7.0.2\fileHashes)" [_thread_blocked, id=10244, stack(0x0000008978500000,0x0000008978600000)]
  0x0000019f1f18a800 JavaThread "Cache worker for checksums cache (E:\Minstagram_meisya\.gradle\checksums)" [_thread_blocked, id=10856, stack(0x0000008978600000,0x0000008978700000)]
  0x0000019f1f184800 JavaThread "Cache worker for cache directory md-supplier (C:\Users\ACER\.gradle\caches\7.0.2\md-supplier)" [_thread_blocked, id=7460, stack(0x0000008978700000,0x0000008978800000)]
  0x0000019f1f188000 JavaThread "Cache worker for cache directory md-rule (C:\Users\ACER\.gradle\caches\7.0.2\md-rule)" [_thread_blocked, id=2732, stack(0x0000008978d00000,0x0000008978e00000)]
  0x0000019f1f18b000 JavaThread "Cache worker for dependencies-accessors (E:\Minstagram_meisya\.gradle\7.0.2\dependencies-accessors)" [_thread_blocked, id=7720, stack(0x0000008978e00000,0x0000008978f00000)]
  0x0000019f1f18c000 JavaThread "Cache worker for Build Output Cleanup Cache (E:\Minstagram_meisya\.gradle\buildOutputCleanup)" [_thread_blocked, id=6020, stack(0x0000008979500000,0x0000008979600000)]
  0x0000019f279e3000 JavaThread "Build operations" [_thread_blocked, id=1848, stack(0x0000008979700000,0x0000008979800000)]
  0x0000019f279e2000 JavaThread "Build operations Thread 2" [_thread_blocked, id=10268, stack(0x0000008979a00000,0x0000008979b00000)]
  0x0000019f279e9800 JavaThread "Build operations Thread 3" [_thread_blocked, id=7036, stack(0x0000008979b00000,0x0000008979c00000)]
  0x0000019f279e8800 JavaThread "Build operations Thread 4" [_thread_blocked, id=9772, stack(0x0000008979c00000,0x0000008979d00000)]
  0x0000019f279e4800 JavaThread "build event listener" [_thread_blocked, id=9840, stack(0x000000897a600000,0x000000897a700000)]
  0x0000019f279eb000 JavaThread "pool-26-thread-1" [_thread_blocked, id=12204, stack(0x000000897aa00000,0x000000897ab00000)]
  0x0000019f279ec000 JavaThread "build event listener" [_thread_blocked, id=8544, stack(0x000000897ab00000,0x000000897ac00000)]
  0x0000019f279e6000 JavaThread "Execution worker for ':'" [_thread_blocked, id=1556, stack(0x000000897ac00000,0x000000897ad00000)]
  0x0000019f279f0000 JavaThread "Execution worker for ':' Thread 2" [_thread_blocked, id=9576, stack(0x000000897ad00000,0x000000897ae00000)]
  0x0000019f279ed800 JavaThread "Execution worker for ':' Thread 3" [_thread_blocked, id=10396, stack(0x000000897b100000,0x000000897b200000)]
  0x0000019f279ef000 JavaThread "Cache worker for execution history cache (E:\Minstagram_meisya\.gradle\7.0.2\executionHistory)" [_thread_blocked, id=8788, stack(0x000000897b200000,0x000000897b300000)]
  0x0000019f279ee800 JavaThread "WorkerExecutor Queue" [_thread_blocked, id=11448, stack(0x000000897b300000,0x000000897b400000)]
  0x0000019f279ec800 JavaThread "WorkerExecutor Queue Thread 2" [_thread_blocked, id=1448, stack(0x000000897b400000,0x000000897b500000)]
  0x0000019f22169000 JavaThread "WorkerExecutor Queue Thread 3" [_thread_blocked, id=6220, stack(0x000000897b500000,0x000000897b600000)]
  0x0000019f2216f800 JavaThread "WorkerExecutor Queue Thread 4" [_thread_blocked, id=2628, stack(0x000000897b700000,0x000000897b800000)]
  0x0000019f2216b000 JavaThread "pool-27-thread-1" [_thread_blocked, id=8272, stack(0x000000897b800000,0x000000897b900000)]
  0x0000019f22170000 JavaThread "stderr" [_thread_in_native, id=8368, stack(0x000000897b900000,0x000000897ba00000)]
  0x0000019f22171800 JavaThread "stdout" [_thread_in_native, id=3376, stack(0x000000897ba00000,0x000000897bb00000)]
  0x0000019f22173800 JavaThread "ForkJoinPool-4-worker-3" daemon [_thread_blocked, id=4400, stack(0x000000897bc00000,0x000000897bd00000)]
  0x0000019f22174000 JavaThread "ForkJoinPool-4-worker-5" daemon [_thread_blocked, id=7772, stack(0x000000897bd00000,0x000000897be00000)]
  0x0000019f22176800 JavaThread "ForkJoinPool-4-worker-1" daemon [_thread_blocked, id=6892, stack(0x000000897be00000,0x000000897bf00000)]
  0x0000019f22176000 JavaThread "ForkJoinPool-4-worker-7" daemon [_thread_blocked, id=8292, stack(0x000000897bf00000,0x000000897c000000)]

Other Threads:
=>0x0000019f1a279800 VMThread "VM Thread" [stack: 0x0000008977200000,0x0000008977300000] [id=900]
  0x0000019f1ad81800 WatcherThread [stack: 0x0000008977c00000,0x0000008977d00000] [id=9408]
  0x0000019f7d2e7000 GCTaskThread "GC Thread#0" [stack: 0x0000008976d00000,0x0000008976e00000] [id=10572]
  0x0000019f1b850800 GCTaskThread "GC Thread#1" [stack: 0x0000008977e00000,0x0000008977f00000] [id=7280]
  0x0000019f1cb8b800 GCTaskThread "GC Thread#2" [stack: 0x0000008978800000,0x0000008978900000] [id=6100]
  0x0000019f1d355000 GCTaskThread "GC Thread#3" [stack: 0x0000008978900000,0x0000008978a00000] [id=6304]
  0x0000019f7d317000 ConcurrentGCThread "G1 Main Marker" [stack: 0x0000008976e00000,0x0000008976f00000] [id=7388]
  0x0000019f7d318000 ConcurrentGCThread "G1 Conc#0" [stack: 0x0000008976f00000,0x0000008977000000] [id=9308]
  0x0000019f7d371000 ConcurrentGCThread "G1 Refine#0" [stack: 0x0000008977000000,0x0000008977100000] [id=6900]
  0x0000019f1c0d3800 ConcurrentGCThread "G1 Refine#1" [stack: 0x000000897c000000,0x000000897c100000] [id=6984]
  0x0000019f26eca000 ConcurrentGCThread "G1 Refine#2" [stack: 0x000000897c100000,0x000000897c200000] [id=9504]
  0x0000019f2574e800 ConcurrentGCThread "G1 Refine#3" [stack: 0x000000897c200000,0x000000897c300000] [id=7204]
  0x0000019f7d372000 ConcurrentGCThread "G1 Young RemSet Sampling" [stack: 0x0000008977100000,0x0000008977200000] [id=12092]

Threads with active compile tasks:
C2 CompilerThread06637054 29203       4       com.android.tools.r8.dex.j::a (1038 bytes)

VM state:at safepoint (normal execution)

VM Mutex/Monitor currently owned by a thread:  ([mutex/lock_event])
[0x0000019f7d2ca320] Threads_lock - owner thread: 0x0000019f1a279800
[0x0000019f7d2c9e10] Heap_lock - owner thread: 0x0000019f279ee800

Heap address: 0x0000000080000000, size: 2048 MB, Compressed Oops mode: 32-bit
Narrow klass base: 0x0000000000000000, Narrow klass shift: 3
Compressed class space size: 1073741824 Address: 0x0000000100000000

Heap:
 garbage-first heap   total 873472K, used 299842K [0x0000000080000000, 0x0000000100000000)
  region size 1024K, 3 young (3072K), 3 survivors (3072K)
 Metaspace       used 162486K, capacity 167810K, committed 168140K, reserved 1196032K
  class space    used 20173K, capacity 22168K, committed 22272K, reserved 1048576K
Heap Regions: E=young(eden), S=young(survivor), O=old, HS=humongous(starts), HC=humongous(continues), CS=collection set, F=free, A=archive, TAMS=top-at-mark-start (previous, next)
|   0|0x0000000080000000, 0x0000000080100000, 0x0000000080100000|100%| O|  |TAMS 0x0000000080100000, 0x0000000080100000| Untracked 
|   1|0x0000000080100000, 0x0000000080200000, 0x0000000080200000|100%| O|  |TAMS 0x0000000080200000, 0x0000000080200000| Untracked 
|   2|0x0000000080200000, 0x0000000080300000, 0x0000000080300000|100%| O|  |TAMS 0x0000000080300000, 0x0000000080300000| Untracked 
|   3|0x0000000080300000, 0x0000000080400000, 0x0000000080400000|100%|HS|  |TAMS 0x0000000080400000, 0x0000000080400000| Complete 
|   4|0x0000000080400000, 0x0000000080500000, 0x0000000080500000|100%|HC|  |TAMS 0x0000000080500000, 0x0000000080500000| Complete 
|   5|0x0000000080500000, 0x0000000080600000, 0x0000000080600000|100%|HC|  |TAMS 0x0000000080600000, 0x0000000080600000| Complete 
|   6|0x0000000080600000, 0x0000000080700000, 0x0000000080700000|100%| O|  |TAMS 0x0000000080700000, 0x0000000080700000| Untracked 
|   7|0x0000000080700000, 0x0000000080800000, 0x0000000080800000|100%| O|  |TAMS 0x0000000080800000, 0x0000000080800000| Untracked 
|   8|0x0000000080800000, 0x0000000080900000, 0x0000000080900000|100%| O|  |TAMS 0x0000000080900000, 0x0000000080900000| Untracked 
|   9|0x0000000080900000, 0x0000000080a00000, 0x0000000080a00000|100%| O|  |TAMS 0x0000000080a00000, 0x0000000080a00000| Untracked 
|  10|0x0000000080a00000, 0x0000000080b00000, 0x0000000080b00000|100%| O|  |TAMS 0x0000000080b00000, 0x0000000080b00000| Untracked 
|  11|0x0000000080b00000, 0x0000000080c00000, 0x0000000080c00000|100%| O|  |TAMS 0x0000000080c00000, 0x0000000080c00000| Untracked 
|  12|0x0000000080c00000, 0x0000000080d00000, 0x0000000080d00000|100%| O|  |TAMS 0x0000000080d00000, 0x0000000080d00000| Untracked 
|  13|0x0000000080d00000, 0x0000000080e00000, 0x0000000080e00000|100%| O|  |TAMS 0x0000000080e00000, 0x0000000080e00000| Untracked 
|  14|0x0000000080e00000, 0x0000000080f00000, 0x0000000080f00000|100%| O|  |TAMS 0x0000000080f00000, 0x0000000080f00000| Untracked 
|  15|0x0000000080f00000, 0x0000000081000000, 0x0000000081000000|100%| O|  |TAMS 0x0000000081000000, 0x0000000081000000| Untracked 
|  16|0x0000000081000000, 0x0000000081100000, 0x0000000081100000|100%| O|  |TAMS 0x0000000081100000, 0x0000000081100000| Untracked 
|  17|0x0000000081100000, 0x0000000081200000, 0x0000000081200000|100%|HS|  |TAMS 0x0000000081200000, 0x0000000081200000| Complete 
|  18|0x0000000081200000, 0x0000000081300000, 0x0000000081300000|100%|HC|  |TAMS 0x0000000081300000, 0x0000000081300000| Complete 
|  19|0x0000000081300000, 0x0000000081400000, 0x0000000081400000|100%|HS|  |TAMS 0x0000000081400000, 0x0000000081400000| Complete 
|  20|0x0000000081400000, 0x0000000081500000, 0x0000000081500000|100%|HC|  |TAMS 0x0000000081500000, 0x0000000081500000| Complete 
|  21|0x0000000081500000, 0x0000000081600000, 0x0000000081600000|100%|HC|  |TAMS 0x0000000081600000, 0x0000000081600000| Complete 
|  22|0x0000000081600000, 0x0000000081700000, 0x0000000081700000|100%|HS|  |TAMS 0x0000000081700000, 0x0000000081700000| Complete 
|  23|0x0000000081700000, 0x0000000081800000, 0x0000000081800000|100%|HC|  |TAMS 0x0000000081800000, 0x0000000081800000| Complete 
|  24|0x0000000081800000, 0x0000000081900000, 0x0000000081900000|100%|HC|  |TAMS 0x0000000081900000, 0x0000000081900000| Complete 
|  25|0x0000000081900000, 0x0000000081a00000, 0x0000000081a00000|100%|HC|  |TAMS 0x0000000081a00000, 0x0000000081a00000| Complete 
|  26|0x0000000081a00000, 0x0000000081b00000, 0x0000000081b00000|100%|HC|  |TAMS 0x0000000081b00000, 0x0000000081b00000| Complete 
|  27|0x0000000081b00000, 0x0000000081c00000, 0x0000000081c00000|100%| O|  |TAMS 0x0000000081c00000, 0x0000000081c00000| Untracked 
|  28|0x0000000081c00000, 0x0000000081d00000, 0x0000000081d00000|100%| O|  |TAMS 0x0000000081d00000, 0x0000000081d00000| Untracked 
|  29|0x0000000081d00000, 0x0000000081e00000, 0x0000000081e00000|100%| O|  |TAMS 0x0000000081e00000, 0x0000000081e00000| Untracked 
|  30|0x0000000081e00000, 0x0000000081f00000, 0x0000000081f00000|100%| O|  |TAMS 0x0000000081f00000, 0x0000000081f00000| Untracked 
|  31|0x0000000081f00000, 0x0000000082000000, 0x0000000082000000|100%| O|  |TAMS 0x0000000082000000, 0x0000000082000000| Untracked 
|  32|0x0000000082000000, 0x0000000082100000, 0x0000000082100000|100%| O|  |TAMS 0x0000000082100000, 0x0000000082100000| Untracked 
|  33|0x0000000082100000, 0x0000000082200000, 0x0000000082200000|100%| O|  |TAMS 0x0000000082200000, 0x0000000082200000| Untracked 
|  34|0x0000000082200000, 0x0000000082300000, 0x0000000082300000|100%| O|  |TAMS 0x0000000082300000, 0x0000000082300000| Untracked 
|  35|0x0000000082300000, 0x0000000082400000, 0x0000000082400000|100%| O|  |TAMS 0x0000000082400000, 0x0000000082400000| Untracked 
|  36|0x0000000082400000, 0x0000000082500000, 0x0000000082500000|100%| O|  |TAMS 0x0000000082500000, 0x0000000082500000| Untracked 
|  37|0x0000000082500000, 0x0000000082600000, 0x0000000082600000|100%| O|  |TAMS 0x0000000082600000, 0x0000000082600000| Untracked 
|  38|0x0000000082600000, 0x0000000082700000, 0x0000000082700000|100%| O|  |TAMS 0x0000000082700000, 0x0000000082700000| Untracked 
|  39|0x0000000082700000, 0x0000000082800000, 0x0000000082800000|100%| O|  |TAMS 0x0000000082800000, 0x0000000082800000| Untracked 
|  40|0x0000000082800000, 0x0000000082900000, 0x0000000082900000|100%|HS|  |TAMS 0x0000000082900000, 0x0000000082900000| Complete 
|  41|0x0000000082900000, 0x0000000082a00000, 0x0000000082a00000|100%|HC|  |TAMS 0x0000000082a00000, 0x0000000082a00000| Complete 
|  42|0x0000000082a00000, 0x0000000082b00000, 0x0000000082b00000|100%|HC|  |TAMS 0x0000000082b00000, 0x0000000082b00000| Complete 
|  43|0x0000000082b00000, 0x0000000082c00000, 0x0000000082c00000|100%|HC|  |TAMS 0x0000000082c00000, 0x0000000082c00000| Complete 
|  44|0x0000000082c00000, 0x0000000082d00000, 0x0000000082d00000|100%|HC|  |TAMS 0x0000000082d00000, 0x0000000082d00000| Complete 
|  45|0x0000000082d00000, 0x0000000082e00000, 0x0000000082e00000|100%| O|  |TAMS 0x0000000082e00000, 0x0000000082e00000| Untracked 
|  46|0x0000000082e00000, 0x0000000082f00000, 0x0000000082f00000|100%|HS|  |TAMS 0x0000000082f00000, 0x0000000082f00000| Complete 
|  47|0x0000000082f00000, 0x0000000083000000, 0x0000000083000000|100%|HC|  |TAMS 0x0000000083000000, 0x0000000083000000| Complete 
|  48|0x0000000083000000, 0x0000000083100000, 0x0000000083100000|100%|HC|  |TAMS 0x0000000083100000, 0x0000000083100000| Complete 
|  49|0x0000000083100000, 0x0000000083200000, 0x0000000083200000|100%| O|  |TAMS 0x0000000083200000, 0x0000000083200000| Untracked 
|  50|0x0000000083200000, 0x0000000083300000, 0x0000000083300000|100%| O|  |TAMS 0x0000000083300000, 0x0000000083300000| Untracked 
|  51|0x0000000083300000, 0x0000000083400000, 0x0000000083400000|100%| O|  |TAMS 0x0000000083400000, 0x0000000083400000| Untracked 
|  52|0x0000000083400000, 0x0000000083500000, 0x0000000083500000|100%| O|  |TAMS 0x0000000083500000, 0x0000000083500000| Untracked 
|  53|0x0000000083500000, 0x0000000083600000, 0x0000000083600000|100%| O|  |TAMS 0x0000000083600000, 0x0000000083600000| Untracked 
|  54|0x0000000083600000, 0x0000000083700000, 0x0000000083700000|100%| O|  |TAMS 0x0000000083700000, 0x0000000083700000| Untracked 
|  55|0x0000000083700000, 0x0000000083800000, 0x0000000083800000|100%| O|  |TAMS 0x0000000083800000, 0x0000000083800000| Untracked 
|  56|0x0000000083800000, 0x0000000083900000, 0x0000000083900000|100%| O|  |TAMS 0x0000000083900000, 0x0000000083900000| Untracked 
|  57|0x0000000083900000, 0x0000000083a00000, 0x0000000083a00000|100%| O|  |TAMS 0x0000000083a00000, 0x0000000083a00000| Untracked 
|  58|0x0000000083a00000, 0x0000000083b00000, 0x0000000083b00000|100%| O|  |TAMS 0x0000000083b00000, 0x0000000083b00000| Untracked 
|  59|0x0000000083b00000, 0x0000000083c00000, 0x0000000083c00000|100%| O|  |TAMS 0x0000000083c00000, 0x0000000083c00000| Untracked 
|  60|0x0000000083c00000, 0x0000000083d00000, 0x0000000083d00000|100%|HS|  |TAMS 0x0000000083d00000, 0x0000000083d00000| Complete 
|  61|0x0000000083d00000, 0x0000000083e00000, 0x0000000083e00000|100%|HS|  |TAMS 0x0000000083e00000, 0x0000000083e00000| Complete 
|  62|0x0000000083e00000, 0x0000000083f00000, 0x0000000083f00000|100%|HS|  |TAMS 0x0000000083f00000, 0x0000000083f00000| Complete 
|  63|0x0000000083f00000, 0x0000000084000000, 0x0000000084000000|100%|HS|  |TAMS 0x0000000084000000, 0x0000000084000000| Complete 
|  64|0x0000000084000000, 0x0000000084100000, 0x0000000084100000|100%|HC|  |TAMS 0x0000000084100000, 0x0000000084100000| Complete 
|  65|0x0000000084100000, 0x0000000084200000, 0x0000000084200000|100%|HC|  |TAMS 0x0000000084200000, 0x0000000084200000| Complete 
|  66|0x0000000084200000, 0x0000000084300000, 0x0000000084300000|100%|HS|  |TAMS 0x0000000084300000, 0x0000000084300000| Complete 
|  67|0x0000000084300000, 0x0000000084400000, 0x0000000084400000|100%|HC|  |TAMS 0x0000000084400000, 0x0000000084400000| Complete 
|  68|0x0000000084400000, 0x0000000084500000, 0x0000000084500000|100%| O|  |TAMS 0x0000000084500000, 0x0000000084500000| Untracked 
|  69|0x0000000084500000, 0x0000000084600000, 0x0000000084600000|100%| O|  |TAMS 0x0000000084600000, 0x0000000084600000| Untracked 
|  70|0x0000000084600000, 0x0000000084700000, 0x0000000084700000|100%| O|  |TAMS 0x0000000084700000, 0x0000000084700000| Untracked 
|  71|0x0000000084700000, 0x0000000084800000, 0x0000000084800000|100%| O|  |TAMS 0x0000000084800000, 0x0000000084800000| Untracked 
|  72|0x0000000084800000, 0x0000000084900000, 0x0000000084900000|100%| O|  |TAMS 0x0000000084900000, 0x0000000084900000| Untracked 
|  73|0x0000000084900000, 0x0000000084a00000, 0x0000000084a00000|100%| O|  |TAMS 0x0000000084a00000, 0x0000000084a00000| Untracked 
|  74|0x0000000084a00000, 0x0000000084b00000, 0x0000000084b00000|100%| O|  |TAMS 0x0000000084b00000, 0x0000000084b00000| Untracked 
|  75|0x0000000084b00000, 0x0000000084c00000, 0x0000000084c00000|100%| O|  |TAMS 0x0000000084c00000, 0x0000000084c00000| Untracked 
|  76|0x0000000084c00000, 0x0000000084d00000, 0x0000000084d00000|100%| O|  |TAMS 0x0000000084d00000, 0x0000000084d00000| Untracked 
|  77|0x0000000084d00000, 0x0000000084e00000, 0x0000000084e00000|100%| O|  |TAMS 0x0000000084e00000, 0x0000000084e00000| Untracked 
|  78|0x0000000084e00000, 0x0000000084f00000, 0x0000000084f00000|100%| O|  |TAMS 0x0000000084f00000, 0x0000000084f00000| Untracked 
|  79|0x0000000084f00000, 0x0000000085000000, 0x0000000085000000|100%| O|  |TAMS 0x0000000085000000, 0x0000000085000000| Untracked 
|  80|0x0000000085000000, 0x0000000085100000, 0x0000000085100000|100%| O|  |TAMS 0x0000000085100000, 0x0000000085100000| Untracked 
|  81|0x0000000085100000, 0x0000000085200000, 0x0000000085200000|100%| O|  |TAMS 0x0000000085200000, 0x0000000085200000| Untracked 
|  82|0x0000000085200000, 0x0000000085300000, 0x0000000085300000|100%| O|  |TAMS 0x0000000085300000, 0x0000000085300000| Untracked 
|  83|0x0000000085300000, 0x0000000085400000, 0x0000000085400000|100%| O|  |TAMS 0x0000000085400000, 0x0000000085400000| Untracked 
|  84|0x0000000085400000, 0x0000000085500000, 0x0000000085500000|100%| O|  |TAMS 0x0000000085500000, 0x0000000085500000| Untracked 
|  85|0x0000000085500000, 0x0000000085600000, 0x0000000085600000|100%| O|  |TAMS 0x0000000085600000, 0x0000000085600000| Untracked 
|  86|0x0000000085600000, 0x0000000085700000, 0x0000000085700000|100%| O|  |TAMS 0x0000000085700000, 0x0000000085700000| Untracked 
|  87|0x0000000085700000, 0x0000000085800000, 0x0000000085800000|100%| O|  |TAMS 0x0000000085800000, 0x0000000085800000| Untracked 
|  88|0x0000000085800000, 0x0000000085900000, 0x0000000085900000|100%| O|  |TAMS 0x0000000085900000, 0x0000000085900000| Untracked 
|  89|0x0000000085900000, 0x0000000085a00000, 0x0000000085a00000|100%| O|  |TAMS 0x0000000085a00000, 0x0000000085a00000| Untracked 
|  90|0x0000000085a00000, 0x0000000085b00000, 0x0000000085b00000|100%| O|  |TAMS 0x0000000085b00000, 0x0000000085b00000| Untracked 
|  91|0x0000000085b00000, 0x0000000085c00000, 0x0000000085c00000|100%| O|  |TAMS 0x0000000085c00000, 0x0000000085c00000| Untracked 
|  92|0x0000000085c00000, 0x0000000085d00000, 0x0000000085d00000|100%| O|  |TAMS 0x0000000085d00000, 0x0000000085d00000| Untracked 
|  93|0x0000000085d00000, 0x0000000085e00000, 0x0000000085e00000|100%| O|  |TAMS 0x0000000085e00000, 0x0000000085e00000| Untracked 
|  94|0x0000000085e00000, 0x0000000085f00000, 0x0000000085f00000|100%| O|  |TAMS 0x0000000085f00000, 0x0000000085f00000| Untracked 
|  95|0x0000000085f00000, 0x0000000086000000, 0x0000000086000000|100%| O|  |TAMS 0x0000000086000000, 0x0000000086000000| Untracked 
|  96|0x0000000086000000, 0x0000000086100000, 0x0000000086100000|100%| O|  |TAMS 0x0000000086100000, 0x0000000086100000| Untracked 
|  97|0x0000000086100000, 0x0000000086200000, 0x0000000086200000|100%| O|  |TAMS 0x0000000086200000, 0x0000000086200000| Untracked 
|  98|0x0000000086200000, 0x0000000086300000, 0x0000000086300000|100%| O|  |TAMS 0x0000000086300000, 0x0000000086300000| Untracked 
|  99|0x0000000086300000, 0x0000000086400000, 0x0000000086400000|100%| O|  |TAMS 0x0000000086400000, 0x0000000086400000| Untracked 
| 100|0x0000000086400000, 0x0000000086500000, 0x0000000086500000|100%| O|  |TAMS 0x0000000086500000, 0x0000000086500000| Untracked 
| 101|0x0000000086500000, 0x0000000086600000, 0x0000000086600000|100%| O|  |TAMS 0x0000000086600000, 0x0000000086600000| Untracked 
| 102|0x0000000086600000, 0x0000000086700000, 0x0000000086700000|100%| O|  |TAMS 0x0000000086700000, 0x0000000086700000| Untracked 
| 103|0x0000000086700000, 0x0000000086800000, 0x0000000086800000|100%| O|  |TAMS 0x0000000086800000, 0x0000000086800000| Untracked 
| 104|0x0000000086800000, 0x0000000086900000, 0x0000000086900000|100%| O|  |TAMS 0x0000000086900000, 0x0000000086900000| Untracked 
| 105|0x0000000086900000, 0x0000000086a00000, 0x0000000086a00000|100%| O|  |TAMS 0x0000000086a00000, 0x0000000086a00000| Untracked 
| 106|0x0000000086a00000, 0x0000000086b00000, 0x0000000086b00000|100%| O|  |TAMS 0x0000000086b00000, 0x0000000086b00000| Untracked 
| 107|0x0000000086b00000, 0x0000000086c00000, 0x0000000086c00000|100%| O|  |TAMS 0x0000000086b00000, 0x0000000086c00000| Untracked 
| 108|0x0000000086c00000, 0x0000000086d00000, 0x0000000086d00000|100%| O|  |TAMS 0x0000000086d00000, 0x0000000086d00000| Untracked 
| 109|0x0000000086d00000, 0x0000000086e00000, 0x0000000086e00000|100%| O|  |TAMS 0x0000000086e00000, 0x0000000086e00000| Untracked 
| 110|0x0000000086e00000, 0x0000000086f00000, 0x0000000086f00000|100%| O|  |TAMS 0x0000000086f00000, 0x0000000086f00000| Untracked 
| 111|0x0000000086f00000, 0x0000000087000000, 0x0000000087000000|100%| O|  |TAMS 0x0000000087000000, 0x0000000087000000| Untracked 
| 112|0x0000000087000000, 0x0000000087100000, 0x0000000087100000|100%| O|  |TAMS 0x0000000087100000, 0x0000000087100000| Untracked 
| 113|0x0000000087100000, 0x0000000087200000, 0x0000000087200000|100%| O|  |TAMS 0x0000000087200000, 0x0000000087200000| Untracked 
| 114|0x0000000087200000, 0x0000000087300000, 0x0000000087300000|100%| O|  |TAMS 0x0000000087300000, 0x0000000087300000| Untracked 
| 115|0x0000000087300000, 0x0000000087400000, 0x0000000087400000|100%| O|  |TAMS 0x0000000087400000, 0x0000000087400000| Untracked 
| 116|0x0000000087400000, 0x0000000087500000, 0x0000000087500000|100%| O|  |TAMS 0x0000000087500000, 0x0000000087500000| Untracked 
| 117|0x0000000087500000, 0x0000000087600000, 0x0000000087600000|100%| O|  |TAMS 0x0000000087500000, 0x0000000087600000| Untracked 
| 118|0x0000000087600000, 0x0000000087700000, 0x0000000087700000|100%| O|  |TAMS 0x0000000087700000, 0x0000000087700000| Untracked 
| 119|0x0000000087700000, 0x0000000087800000, 0x0000000087800000|100%| O|  |TAMS 0x0000000087700000, 0x0000000087800000| Untracked 
| 120|0x0000000087800000, 0x0000000087900000, 0x0000000087900000|100%| O|  |TAMS 0x0000000087900000, 0x0000000087900000| Untracked 
| 121|0x0000000087900000, 0x0000000087a00000, 0x0000000087a00000|100%| O|  |TAMS 0x0000000087a00000, 0x0000000087a00000| Untracked 
| 122|0x0000000087a00000, 0x0000000087b00000, 0x0000000087b00000|100%| O|  |TAMS 0x0000000087a00000, 0x0000000087b00000| Untracked 
| 123|0x0000000087b00000, 0x0000000087c00000, 0x0000000087c00000|100%| O|  |TAMS 0x0000000087b00000, 0x0000000087c00000| Untracked 
| 124|0x0000000087c00000, 0x0000000087d00000, 0x0000000087d00000|100%| O|  |TAMS 0x0000000087c00000, 0x0000000087d00000| Untracked 
| 125|0x0000000087d00000, 0x0000000087e00000, 0x0000000087e00000|100%| O|  |TAMS 0x0000000087d00000, 0x0000000087e00000| Untracked 
| 126|0x0000000087e00000, 0x0000000087f00000, 0x0000000087f00000|100%| O|  |TAMS 0x0000000087e00000, 0x0000000087f00000| Untracked 
| 127|0x0000000087f00000, 0x0000000088000000, 0x0000000088000000|100%| O|  |TAMS 0x0000000087f00000, 0x0000000088000000| Untracked 
| 128|0x0000000088000000, 0x0000000088100000, 0x0000000088100000|100%| O|  |TAMS 0x0000000088100000, 0x0000000088100000| Untracked 
| 129|0x0000000088100000, 0x0000000088200000, 0x0000000088200000|100%| O|  |TAMS 0x0000000088200000, 0x0000000088200000| Untracked 
| 130|0x0000000088200000, 0x0000000088300000, 0x0000000088300000|100%| O|  |TAMS 0x0000000088200000, 0x0000000088300000| Untracked 
| 131|0x0000000088300000, 0x0000000088400000, 0x0000000088400000|100%| O|  |TAMS 0x0000000088400000, 0x0000000088400000| Untracked 
| 132|0x0000000088400000, 0x0000000088500000, 0x0000000088500000|100%| O|  |TAMS 0x0000000088500000, 0x0000000088500000| Untracked 
| 133|0x0000000088500000, 0x0000000088600000, 0x0000000088600000|100%| O|  |TAMS 0x0000000088500000, 0x0000000088600000| Untracked 
| 134|0x0000000088600000, 0x0000000088700000, 0x0000000088700000|100%| O|  |TAMS 0x0000000088600000, 0x0000000088700000| Untracked 
| 135|0x0000000088700000, 0x0000000088800000, 0x0000000088800000|100%| O|  |TAMS 0x0000000088700000, 0x0000000088800000| Untracked 
| 136|0x0000000088800000, 0x0000000088900000, 0x0000000088900000|100%| O|  |TAMS 0x0000000088800000, 0x0000000088900000| Untracked 
| 137|0x0000000088900000, 0x0000000088a00000, 0x0000000088a00000|100%| O|  |TAMS 0x0000000088900000, 0x0000000088a00000| Untracked 
| 138|0x0000000088a00000, 0x0000000088b00000, 0x0000000088b00000|100%| O|  |TAMS 0x0000000088b00000, 0x0000000088b00000| Untracked 
| 139|0x0000000088b00000, 0x0000000088c00000, 0x0000000088c00000|100%| O|  |TAMS 0x0000000088b00000, 0x0000000088c00000| Untracked 
| 140|0x0000000088c00000, 0x0000000088d00000, 0x0000000088d00000|100%| O|  |TAMS 0x0000000088d00000, 0x0000000088d00000| Untracked 
| 141|0x0000000088d00000, 0x0000000088e00000, 0x0000000088e00000|100%| O|  |TAMS 0x0000000088d00000, 0x0000000088e00000| Untracked 
| 142|0x0000000088e00000, 0x0000000088f00000, 0x0000000088f00000|100%| O|  |TAMS 0x0000000088f00000, 0x0000000088f00000| Untracked 
| 143|0x0000000088f00000, 0x0000000089000000, 0x0000000089000000|100%| O|  |TAMS 0x0000000089000000, 0x0000000089000000| Untracked 
| 144|0x0000000089000000, 0x0000000089100000, 0x0000000089100000|100%| O|  |TAMS 0x0000000089100000, 0x0000000089100000| Untracked 
| 145|0x0000000089100000, 0x0000000089200000, 0x0000000089200000|100%| O|  |TAMS 0x0000000089100000, 0x0000000089200000| Untracked 
| 146|0x0000000089200000, 0x0000000089300000, 0x0000000089300000|100%| O|  |TAMS 0x0000000089200000, 0x0000000089300000| Untracked 
| 147|0x0000000089300000, 0x0000000089400000, 0x0000000089400000|100%| O|  |TAMS 0x0000000089300000, 0x0000000089400000| Untracked 
| 148|0x0000000089400000, 0x0000000089500000, 0x0000000089500000|100%| O|  |TAMS 0x0000000089500000, 0x0000000089500000| Untracked 
| 149|0x0000000089500000, 0x0000000089600000, 0x0000000089600000|100%| O|  |TAMS 0x0000000089500000, 0x0000000089600000| Untracked 
| 150|0x0000000089600000, 0x0000000089700000, 0x0000000089700000|100%| O|  |TAMS 0x0000000089700000, 0x0000000089700000| Untracked 
| 151|0x0000000089700000, 0x0000000089800000, 0x0000000089800000|100%| O|  |TAMS 0x0000000089700000, 0x0000000089800000| Untracked 
| 152|0x0000000089800000, 0x0000000089900000, 0x0000000089900000|100%| O|  |TAMS 0x0000000089800000, 0x0000000089900000| Untracked 
| 153|0x0000000089900000, 0x0000000089a00000, 0x0000000089a00000|100%| O|  |TAMS 0x0000000089900000, 0x0000000089a00000| Untracked 
| 154|0x0000000089a00000, 0x0000000089b00000, 0x0000000089b00000|100%| O|  |TAMS 0x0000000089a00000, 0x0000000089b00000| Untracked 
| 155|0x0000000089b00000, 0x0000000089c00000, 0x0000000089c00000|100%| O|  |TAMS 0x0000000089b00000, 0x0000000089c00000| Untracked 
| 156|0x0000000089c00000, 0x0000000089d00000, 0x0000000089d00000|100%| O|  |TAMS 0x0000000089c00000, 0x0000000089d00000| Untracked 
| 157|0x0000000089d00000, 0x0000000089e00000, 0x0000000089e00000|100%| O|  |TAMS 0x0000000089d00000, 0x0000000089e00000| Untracked 
| 158|0x0000000089e00000, 0x0000000089f00000, 0x0000000089f00000|100%| O|  |TAMS 0x0000000089e00000, 0x0000000089f00000| Untracked 
| 159|0x0000000089f00000, 0x000000008a000000, 0x000000008a000000|100%| O|  |TAMS 0x000000008a000000, 0x000000008a000000| Untracked 
| 160|0x000000008a000000, 0x000000008a100000, 0x000000008a100000|100%| O|  |TAMS 0x000000008a000000, 0x000000008a100000| Untracked 
| 161|0x000000008a100000, 0x000000008a200000, 0x000000008a200000|100%| O|  |TAMS 0x000000008a100000, 0x000000008a200000| Untracked 
| 162|0x000000008a200000, 0x000000008a300000, 0x000000008a300000|100%| O|  |TAMS 0x000000008a200000, 0x000000008a300000| Untracked 
| 163|0x000000008a300000, 0x000000008a400000, 0x000000008a400000|100%| O|  |TAMS 0x000000008a300000, 0x000000008a400000| Untracked 
| 164|0x000000008a400000, 0x000000008a500000, 0x000000008a500000|100%| O|  |TAMS 0x000000008a400000, 0x000000008a500000| Untracked 
| 165|0x000000008a500000, 0x000000008a600000, 0x000000008a600000|100%| O|  |TAMS 0x000000008a500000, 0x000000008a600000| Untracked 
| 166|0x000000008a600000, 0x000000008a700000, 0x000000008a700000|100%| O|  |TAMS 0x000000008a600000, 0x000000008a700000| Untracked 
| 167|0x000000008a700000, 0x000000008a800000, 0x000000008a800000|100%| O|  |TAMS 0x000000008a700000, 0x000000008a800000| Untracked 
| 168|0x000000008a800000, 0x000000008a900000, 0x000000008a900000|100%| O|  |TAMS 0x000000008a800000, 0x000000008a900000| Untracked 
| 169|0x000000008a900000, 0x000000008aa00000, 0x000000008aa00000|100%| O|  |TAMS 0x000000008a900000, 0x000000008aa00000| Untracked 
| 170|0x000000008aa00000, 0x000000008ab00000, 0x000000008ab00000|100%| O|  |TAMS 0x000000008aa00000, 0x000000008ab00000| Untracked 
| 171|0x000000008ab00000, 0x000000008ac00000, 0x000000008ac00000|100%| O|  |TAMS 0x000000008ab00000, 0x000000008ac00000| Untracked 
| 172|0x000000008ac00000, 0x000000008ad00000, 0x000000008ad00000|100%| O|  |TAMS 0x000000008ac00000, 0x000000008ad00000| Untracked 
| 173|0x000000008ad00000, 0x000000008ae00000, 0x000000008ae00000|100%| O|  |TAMS 0x000000008ad00000, 0x000000008ae00000| Untracked 
| 174|0x000000008ae00000, 0x000000008af00000, 0x000000008af00000|100%| O|  |TAMS 0x000000008ae00000, 0x000000008af00000| Untracked 
| 175|0x000000008af00000, 0x000000008b000000, 0x000000008b000000|100%| O|  |TAMS 0x000000008af00000, 0x000000008b000000| Untracked 
| 176|0x000000008b000000, 0x000000008b100000, 0x000000008b100000|100%|HS|  |TAMS 0x000000008b000000, 0x000000008b100000| Complete 
| 177|0x000000008b100000, 0x000000008b200000, 0x000000008b200000|100%| O|  |TAMS 0x000000008b100000, 0x000000008b200000| Untracked 
| 178|0x000000008b200000, 0x000000008b300000, 0x000000008b300000|100%| O|  |TAMS 0x000000008b200000, 0x000000008b300000| Untracked 
| 179|0x000000008b300000, 0x000000008b400000, 0x000000008b400000|100%| O|  |TAMS 0x000000008b300000, 0x000000008b400000| Untracked 
| 180|0x000000008b400000, 0x000000008b500000, 0x000000008b500000|100%| O|  |TAMS 0x000000008b400000, 0x000000008b500000| Untracked 
| 181|0x000000008b500000, 0x000000008b600000, 0x000000008b600000|100%| O|  |TAMS 0x000000008b500000, 0x000000008b600000| Untracked 
| 182|0x000000008b600000, 0x000000008b700000, 0x000000008b700000|100%| O|  |TAMS 0x000000008b600000, 0x000000008b700000| Untracked 
| 183|0x000000008b700000, 0x000000008b800000, 0x000000008b800000|100%| O|  |TAMS 0x000000008b700000, 0x000000008b800000| Untracked 
| 184|0x000000008b800000, 0x000000008b900000, 0x000000008b900000|100%| O|  |TAMS 0x000000008b800000, 0x000000008b900000| Untracked 
| 185|0x000000008b900000, 0x000000008ba00000, 0x000000008ba00000|100%| O|  |TAMS 0x000000008b900000, 0x000000008ba00000| Untracked 
| 186|0x000000008ba00000, 0x000000008bb00000, 0x000000008bb00000|100%| O|  |TAMS 0x000000008ba00000, 0x000000008bb00000| Untracked 
| 187|0x000000008bb00000, 0x000000008bc00000, 0x000000008bc00000|100%| O|  |TAMS 0x000000008bb00000, 0x000000008bc00000| Untracked 
| 188|0x000000008bc00000, 0x000000008bd00000, 0x000000008bd00000|100%| O|  |TAMS 0x000000008bc00000, 0x000000008bd00000| Untracked 
| 189|0x000000008bd00000, 0x000000008be00000, 0x000000008be00000|100%| O|  |TAMS 0x000000008bd00000, 0x000000008be00000| Untracked 
| 190|0x000000008be00000, 0x000000008bf00000, 0x000000008bf00000|100%| O|  |TAMS 0x000000008be00000, 0x000000008bf00000| Untracked 
| 191|0x000000008bf00000, 0x000000008c000000, 0x000000008c000000|100%| O|  |TAMS 0x000000008bf00000, 0x000000008c000000| Untracked 
| 192|0x000000008c000000, 0x000000008c100000, 0x000000008c100000|100%| O|  |TAMS 0x000000008c000000, 0x000000008c100000| Untracked 
| 193|0x000000008c100000, 0x000000008c200000, 0x000000008c200000|100%| O|  |TAMS 0x000000008c100000, 0x000000008c200000| Untracked 
| 194|0x000000008c200000, 0x000000008c300000, 0x000000008c300000|100%| O|  |TAMS 0x000000008c200000, 0x000000008c300000| Untracked 
| 195|0x000000008c300000, 0x000000008c400000, 0x000000008c400000|100%| O|  |TAMS 0x000000008c300000, 0x000000008c400000| Untracked 
| 196|0x000000008c400000, 0x000000008c500000, 0x000000008c500000|100%|HS|  |TAMS 0x000000008c400000, 0x000000008c500000| Complete 
| 197|0x000000008c500000, 0x000000008c600000, 0x000000008c600000|100%|HC|  |TAMS 0x000000008c500000, 0x000000008c600000| Complete 
| 198|0x000000008c600000, 0x000000008c700000, 0x000000008c700000|100%|HS|  |TAMS 0x000000008c600000, 0x000000008c700000| Complete 
| 199|0x000000008c700000, 0x000000008c800000, 0x000000008c800000|100%| O|  |TAMS 0x000000008c700000, 0x000000008c800000| Untracked 
| 200|0x000000008c800000, 0x000000008c900000, 0x000000008c900000|100%| O|  |TAMS 0x000000008c800000, 0x000000008c900000| Untracked 
| 201|0x000000008c900000, 0x000000008ca00000, 0x000000008ca00000|100%| O|  |TAMS 0x000000008c900000, 0x000000008ca00000| Untracked 
| 202|0x000000008ca00000, 0x000000008cb00000, 0x000000008cb00000|100%| O|  |TAMS 0x000000008ca00000, 0x000000008cb00000| Untracked 
| 203|0x000000008cb00000, 0x000000008cc00000, 0x000000008cc00000|100%| O|  |TAMS 0x000000008cb00000, 0x000000008cc00000| Untracked 
| 204|0x000000008cc00000, 0x000000008cd00000, 0x000000008cd00000|100%|HS|  |TAMS 0x000000008cc00000, 0x000000008cd00000| Complete 
| 205|0x000000008cd00000, 0x000000008ce00000, 0x000000008ce00000|100%|HS|  |TAMS 0x000000008cd00000, 0x000000008ce00000| Complete 
| 206|0x000000008ce00000, 0x000000008cf00000, 0x000000008cf00000|100%|HC|  |TAMS 0x000000008ce00000, 0x000000008cf00000| Complete 
| 207|0x000000008cf00000, 0x000000008d000000, 0x000000008d000000|100%|HC|  |TAMS 0x000000008cf00000, 0x000000008d000000| Complete 
| 208|0x000000008d000000, 0x000000008d100000, 0x000000008d100000|100%|HS|  |TAMS 0x000000008d000000, 0x000000008d100000| Complete 
| 209|0x000000008d100000, 0x000000008d200000, 0x000000008d200000|100%|HS|  |TAMS 0x000000008d100000, 0x000000008d200000| Complete 
| 210|0x000000008d200000, 0x000000008d300000, 0x000000008d300000|100%| O|  |TAMS 0x000000008d200000, 0x000000008d300000| Untracked 
| 211|0x000000008d300000, 0x000000008d400000, 0x000000008d400000|100%|HS|  |TAMS 0x000000008d300000, 0x000000008d400000| Complete 
| 212|0x000000008d400000, 0x000000008d500000, 0x000000008d500000|100%|HC|  |TAMS 0x000000008d400000, 0x000000008d500000| Complete 
| 213|0x000000008d500000, 0x000000008d600000, 0x000000008d600000|100%| O|  |TAMS 0x000000008d500000, 0x000000008d600000| Untracked 
| 214|0x000000008d600000, 0x000000008d700000, 0x000000008d700000|100%|HS|  |TAMS 0x000000008d600000, 0x000000008d700000| Complete 
| 215|0x000000008d700000, 0x000000008d800000, 0x000000008d800000|100%| O|  |TAMS 0x000000008d700000, 0x000000008d800000| Untracked 
| 216|0x000000008d800000, 0x000000008d900000, 0x000000008d900000|100%|HS|  |TAMS 0x000000008d800000, 0x000000008d900000| Complete 
| 217|0x000000008d900000, 0x000000008da00000, 0x000000008da00000|100%| O|  |TAMS 0x000000008d900000, 0x000000008da00000| Untracked 
| 218|0x000000008da00000, 0x000000008db00000, 0x000000008db00000|100%| O|  |TAMS 0x000000008da00000, 0x000000008db00000| Untracked 
| 219|0x000000008db00000, 0x000000008dc00000, 0x000000008dc00000|100%| O|  |TAMS 0x000000008db00000, 0x000000008dc00000| Untracked 
| 220|0x000000008dc00000, 0x000000008dd00000, 0x000000008dd00000|100%|HS|  |TAMS 0x000000008dc00000, 0x000000008dd00000| Complete 
| 221|0x000000008dd00000, 0x000000008de00000, 0x000000008de00000|100%|HC|  |TAMS 0x000000008dd00000, 0x000000008de00000| Complete 
| 222|0x000000008de00000, 0x000000008df00000, 0x000000008df00000|100%|HC|  |TAMS 0x000000008de00000, 0x000000008df00000| Complete 
| 223|0x000000008df00000, 0x000000008e000000, 0x000000008e000000|100%| O|  |TAMS 0x000000008df00000, 0x000000008e000000| Untracked 
| 224|0x000000008e000000, 0x000000008e100000, 0x000000008e100000|100%|HS|  |TAMS 0x000000008e000000, 0x000000008e100000| Complete 
| 225|0x000000008e100000, 0x000000008e200000, 0x000000008e200000|100%| O|  |TAMS 0x000000008e100000, 0x000000008e200000| Untracked 
| 226|0x000000008e200000, 0x000000008e300000, 0x000000008e300000|100%| O|  |TAMS 0x000000008e200000, 0x000000008e300000| Untracked 
| 227|0x000000008e300000, 0x000000008e400000, 0x000000008e400000|100%| O|  |TAMS 0x000000008e300000, 0x000000008e400000| Untracked 
| 228|0x000000008e400000, 0x000000008e500000, 0x000000008e500000|100%| O|  |TAMS 0x000000008e400000, 0x000000008e500000| Untracked 
| 229|0x000000008e500000, 0x000000008e600000, 0x000000008e600000|100%| O|  |TAMS 0x000000008e500000, 0x000000008e600000| Untracked 
| 230|0x000000008e600000, 0x000000008e700000, 0x000000008e700000|100%| O|  |TAMS 0x000000008e600000, 0x000000008e700000| Untracked 
| 231|0x000000008e700000, 0x000000008e800000, 0x000000008e800000|100%| O|  |TAMS 0x000000008e700000, 0x000000008e800000| Untracked 
| 232|0x000000008e800000, 0x000000008e900000, 0x000000008e900000|100%| O|  |TAMS 0x000000008e800000, 0x000000008e900000| Untracked 
| 233|0x000000008e900000, 0x000000008ea00000, 0x000000008ea00000|100%| O|  |TAMS 0x000000008e900000, 0x000000008ea00000| Untracked 
| 234|0x000000008ea00000, 0x000000008eb00000, 0x000000008eb00000|100%| O|  |TAMS 0x000000008ea00000, 0x000000008eb00000| Untracked 
| 235|0x000000008eb00000, 0x000000008ec00000, 0x000000008ec00000|100%| O|  |TAMS 0x000000008eb00000, 0x000000008ec00000| Untracked 
| 236|0x000000008ec00000, 0x000000008ed00000, 0x000000008ed00000|100%| O|  |TAMS 0x000000008ec00000, 0x000000008ed00000| Untracked 
| 237|0x000000008ed00000, 0x000000008ee00000, 0x000000008ee00000|100%| O|  |TAMS 0x000000008ed00000, 0x000000008ee00000| Untracked 
| 238|0x000000008ee00000, 0x000000008ef00000, 0x000000008ef00000|100%| O|  |TAMS 0x000000008ee00000, 0x000000008ef00000| Untracked 
| 239|0x000000008ef00000, 0x000000008f000000, 0x000000008f000000|100%| O|  |TAMS 0x000000008ef00000, 0x000000008f000000| Untracked 
| 240|0x000000008f000000, 0x000000008f100000, 0x000000008f100000|100%| O|  |TAMS 0x000000008f000000, 0x000000008f100000| Untracked 
| 241|0x000000008f100000, 0x000000008f200000, 0x000000008f200000|100%| O|  |TAMS 0x000000008f100000, 0x000000008f200000| Untracked 
| 242|0x000000008f200000, 0x000000008f300000, 0x000000008f300000|100%| O|  |TAMS 0x000000008f200000, 0x000000008f300000| Untracked 
| 243|0x000000008f300000, 0x000000008f400000, 0x000000008f400000|100%| O|  |TAMS 0x000000008f300000, 0x000000008f400000| Untracked 
| 244|0x000000008f400000, 0x000000008f500000, 0x000000008f500000|100%| O|  |TAMS 0x000000008f400000, 0x000000008f500000| Untracked 
| 245|0x000000008f500000, 0x000000008f600000, 0x000000008f600000|100%| O|  |TAMS 0x000000008f500000, 0x000000008f600000| Untracked 
| 246|0x000000008f600000, 0x000000008f700000, 0x000000008f700000|100%| O|  |TAMS 0x000000008f600000, 0x000000008f700000| Untracked 
| 247|0x000000008f700000, 0x000000008f800000, 0x000000008f800000|100%| O|  |TAMS 0x000000008f700000, 0x000000008f800000| Untracked 
| 248|0x000000008f800000, 0x000000008f900000, 0x000000008f900000|100%| O|  |TAMS 0x000000008f800000, 0x000000008f900000| Untracked 
| 249|0x000000008f900000, 0x000000008fa00000, 0x000000008fa00000|100%| O|  |TAMS 0x000000008f900000, 0x000000008fa00000| Untracked 
| 250|0x000000008fa00000, 0x000000008fb00000, 0x000000008fb00000|100%| O|  |TAMS 0x000000008fa00000, 0x000000008fb00000| Untracked 
| 251|0x000000008fb00000, 0x000000008fc00000, 0x000000008fc00000|100%| O|  |TAMS 0x000000008fc00000, 0x000000008fc00000| Untracked 
| 252|0x000000008fc00000, 0x000000008fd00000, 0x000000008fd00000|100%| O|  |TAMS 0x000000008fc00000, 0x000000008fd00000| Untracked 
| 253|0x000000008fd00000, 0x000000008fe00000, 0x000000008fe00000|100%| O|  |TAMS 0x000000008fd00000, 0x000000008fe00000| Untracked 
| 254|0x000000008fe00000, 0x000000008ff00000, 0x000000008ff00000|100%| O|  |TAMS 0x000000008ff00000, 0x000000008ff00000| Untracked 
| 255|0x000000008ff00000, 0x0000000090000000, 0x0000000090000000|100%| O|  |TAMS 0x0000000090000000, 0x0000000090000000| Untracked 
| 256|0x0000000090000000, 0x0000000090100000, 0x0000000090100000|100%| O|  |TAMS 0x0000000090100000, 0x0000000090100000| Untracked 
| 257|0x0000000090100000, 0x0000000090200000, 0x0000000090200000|100%| O|  |TAMS 0x0000000090200000, 0x0000000090200000| Untracked 
| 258|0x0000000090200000, 0x0000000090300000, 0x0000000090300000|100%| O|  |TAMS 0x0000000090200000, 0x0000000090300000| Untracked 
| 259|0x0000000090300000, 0x0000000090400000, 0x0000000090400000|100%| O|  |TAMS 0x0000000090300000, 0x0000000090400000| Untracked 
| 260|0x0000000090400000, 0x0000000090500000, 0x0000000090500000|100%| O|  |TAMS 0x0000000090400000, 0x0000000090500000| Untracked 
| 261|0x0000000090500000, 0x0000000090600000, 0x0000000090600000|100%| O|  |TAMS 0x0000000090600000, 0x0000000090600000| Untracked 
| 262|0x0000000090600000, 0x0000000090700000, 0x0000000090700000|100%| O|  |TAMS 0x0000000090700000, 0x0000000090700000| Untracked 
| 263|0x0000000090700000, 0x0000000090800000, 0x0000000090800000|100%| O|  |TAMS 0x0000000090800000, 0x0000000090800000| Untracked 
| 264|0x0000000090800000, 0x0000000090900000, 0x0000000090900000|100%| O|  |TAMS 0x0000000090900000, 0x0000000090900000| Untracked 
| 265|0x0000000090900000, 0x0000000090a00000, 0x0000000090a00000|100%| O|  |TAMS 0x0000000090a00000, 0x0000000090a00000| Untracked 
| 266|0x0000000090a00000, 0x0000000090b00000, 0x0000000090b00000|100%| O|  |TAMS 0x0000000090b00000, 0x0000000090b00000| Untracked 
| 267|0x0000000090b00000, 0x0000000090c00000, 0x0000000090c00000|100%| O|  |TAMS 0x0000000090b00000, 0x0000000090c00000| Untracked 
| 268|0x0000000090c00000, 0x0000000090d00000, 0x0000000090d00000|100%| O|  |TAMS 0x0000000090c00000, 0x0000000090d00000| Untracked 
| 269|0x0000000090d00000, 0x0000000090e00000, 0x0000000090e00000|100%| O|  |TAMS 0x0000000090e00000, 0x0000000090e00000| Untracked 
| 270|0x0000000090e00000, 0x0000000090f00000, 0x0000000090f00000|100%| O|  |TAMS 0x0000000090e00000, 0x0000000090f00000| Untracked 
| 271|0x0000000090f00000, 0x0000000091000000, 0x0000000091000000|100%| O|  |TAMS 0x0000000090f00000, 0x0000000091000000| Untracked 
| 272|0x0000000091000000, 0x0000000091100000, 0x0000000091100000|100%| O|  |TAMS 0x0000000091000000, 0x0000000091100000| Untracked 
| 273|0x0000000091100000, 0x0000000091200000, 0x0000000091200000|100%| O|  |TAMS 0x0000000091100000, 0x0000000091200000| Untracked 
| 274|0x0000000091200000, 0x0000000091300000, 0x0000000091300000|100%| O|  |TAMS 0x0000000091200000, 0x0000000091300000| Untracked 
| 275|0x0000000091300000, 0x0000000091400000, 0x0000000091400000|100%| O|  |TAMS 0x0000000091300000, 0x0000000091400000| Untracked 
| 276|0x0000000091400000, 0x0000000091500000, 0x0000000091500000|100%| O|  |TAMS 0x0000000091400000, 0x0000000091500000| Untracked 
| 277|0x0000000091500000, 0x0000000091600000, 0x0000000091600000|100%| O|  |TAMS 0x0000000091500000, 0x0000000091580000| Untracked 
| 278|0x0000000091600000, 0x0000000091700000, 0x0000000091700000|100%| O|  |TAMS 0x0000000091600000, 0x0000000091600000| Untracked 
| 279|0x0000000091700000, 0x0000000091800000, 0x0000000091800000|100%| O|  |TAMS 0x0000000091700000, 0x0000000091700000| Untracked 
| 280|0x0000000091800000, 0x0000000091900000, 0x0000000091900000|100%| O|  |TAMS 0x0000000091800000, 0x0000000091800000| Untracked 
| 281|0x0000000091900000, 0x0000000091a00000, 0x0000000091a00000|100%| O|  |TAMS 0x0000000091900000, 0x0000000091900000| Untracked 
| 282|0x0000000091a00000, 0x0000000091b00000, 0x0000000091b00000|100%| O|  |TAMS 0x0000000091a00000, 0x0000000091a00000| Untracked 
| 283|0x0000000091b00000, 0x0000000091c00000, 0x0000000091c00000|100%| O|  |TAMS 0x0000000091b00000, 0x0000000091b00000| Untracked 
| 284|0x0000000091c00000, 0x0000000091d00000, 0x0000000091d00000|100%| O|  |TAMS 0x0000000091c00000, 0x0000000091c00000| Untracked 
| 285|0x0000000091d00000, 0x0000000091e00000, 0x0000000091e00000|100%| O|  |TAMS 0x0000000091d00000, 0x0000000091d00000| Untracked 
| 286|0x0000000091e00000, 0x0000000091f00000, 0x0000000091f00000|100%| O|  |TAMS 0x0000000091e00000, 0x0000000091e00000| Untracked 
| 287|0x0000000091f00000, 0x0000000092000000, 0x0000000092000000|100%| O|  |TAMS 0x0000000091f00000, 0x0000000091f00000| Untracked 
| 288|0x0000000092000000, 0x0000000092100000, 0x0000000092100000|100%| O|  |TAMS 0x0000000092000000, 0x0000000092000000| Untracked 
| 289|0x0000000092100000, 0x0000000092200000, 0x0000000092200000|100%| O|  |TAMS 0x0000000092100000, 0x0000000092100000| Untracked 
| 290|0x0000000092200000, 0x0000000092280000, 0x0000000092300000| 50%| O|  |TAMS 0x0000000092200000, 0x0000000092200000| Untracked 
| 291|0x0000000092300000, 0x0000000092300000, 0x0000000092400000|  0%| F|  |TAMS 0x0000000092300000, 0x0000000092300000| Untracked 
| 292|0x0000000092400000, 0x0000000092400000, 0x0000000092500000|  0%| F|  |TAMS 0x0000000092400000, 0x0000000092400000| Untracked 
| 293|0x0000000092500000, 0x0000000092500000, 0x0000000092600000|  0%| F|  |TAMS 0x0000000092500000, 0x0000000092500000| Untracked 
| 294|0x0000000092600000, 0x0000000092600000, 0x0000000092700000|  0%| F|  |TAMS 0x0000000092600000, 0x0000000092600000| Untracked 
| 295|0x0000000092700000, 0x0000000092700000, 0x0000000092800000|  0%| F|  |TAMS 0x0000000092700000, 0x0000000092700000| Untracked 
| 296|0x0000000092800000, 0x0000000092800000, 0x0000000092900000|  0%| F|  |TAMS 0x0000000092800000, 0x0000000092800000| Untracked 
| 297|0x0000000092900000, 0x0000000092900000, 0x0000000092a00000|  0%| F|  |TAMS 0x0000000092900000, 0x0000000092900000| Untracked 
| 298|0x0000000092a00000, 0x0000000092a00000, 0x0000000092b00000|  0%| F|  |TAMS 0x0000000092a00000, 0x0000000092a00000| Untracked 
| 299|0x0000000092b00000, 0x0000000092b00000, 0x0000000092c00000|  0%| F|  |TAMS 0x0000000092b00000, 0x0000000092b00000| Untracked 
| 300|0x0000000092c00000, 0x0000000092c00000, 0x0000000092d00000|  0%| F|  |TAMS 0x0000000092c00000, 0x0000000092c00000| Untracked 
| 301|0x0000000092d00000, 0x0000000092d00000, 0x0000000092e00000|  0%| F|  |TAMS 0x0000000092d00000, 0x0000000092d00000| Untracked 
| 302|0x0000000092e00000, 0x0000000092e00000, 0x0000000092f00000|  0%| F|  |TAMS 0x0000000092e00000, 0x0000000092e00000| Untracked 
| 303|0x0000000092f00000, 0x0000000092f00000, 0x0000000093000000|  0%| F|  |TAMS 0x0000000092f00000, 0x0000000092f00000| Untracked 
| 304|0x0000000093000000, 0x0000000093000000, 0x0000000093100000|  0%| F|  |TAMS 0x0000000093000000, 0x0000000093000000| Untracked 
| 305|0x0000000093100000, 0x0000000093100000, 0x0000000093200000|  0%| F|  |TAMS 0x0000000093100000, 0x0000000093100000| Untracked 
| 306|0x0000000093200000, 0x0000000093200000, 0x0000000093300000|  0%| F|  |TAMS 0x0000000093200000, 0x0000000093200000| Untracked 
| 307|0x0000000093300000, 0x0000000093300000, 0x0000000093400000|  0%| F|  |TAMS 0x0000000093300000, 0x0000000093300000| Untracked 
| 308|0x0000000093400000, 0x0000000093400000, 0x0000000093500000|  0%| F|  |TAMS 0x0000000093400000, 0x0000000093400000| Untracked 
| 309|0x0000000093500000, 0x0000000093500000, 0x0000000093600000|  0%| F|  |TAMS 0x0000000093500000, 0x0000000093500000| Untracked 
| 310|0x0000000093600000, 0x0000000093600000, 0x0000000093700000|  0%| F|  |TAMS 0x0000000093600000, 0x0000000093600000| Untracked 
| 311|0x0000000093700000, 0x0000000093700000, 0x0000000093800000|  0%| F|  |TAMS 0x0000000093700000, 0x0000000093700000| Untracked 
| 312|0x0000000093800000, 0x0000000093800000, 0x0000000093900000|  0%| F|  |TAMS 0x0000000093800000, 0x0000000093800000| Untracked 
| 313|0x0000000093900000, 0x0000000093900000, 0x0000000093a00000|  0%| F|  |TAMS 0x0000000093900000, 0x0000000093900000| Untracked 
| 314|0x0000000093a00000, 0x0000000093a00000, 0x0000000093b00000|  0%| F|  |TAMS 0x0000000093a00000, 0x0000000093a00000| Untracked 
| 315|0x0000000093b00000, 0x0000000093b00000, 0x0000000093c00000|  0%| F|  |TAMS 0x0000000093b00000, 0x0000000093b00000| Untracked 
| 316|0x0000000093c00000, 0x0000000093c00000, 0x0000000093d00000|  0%| F|  |TAMS 0x0000000093c00000, 0x0000000093c00000| Untracked 
| 317|0x0000000093d00000, 0x0000000093d00000, 0x0000000093e00000|  0%| F|  |TAMS 0x0000000093d00000, 0x0000000093d00000| Untracked 
| 318|0x0000000093e00000, 0x0000000093e00000, 0x0000000093f00000|  0%| F|  |TAMS 0x0000000093e00000, 0x0000000093e00000| Untracked 
| 319|0x0000000093f00000, 0x0000000093f00000, 0x0000000094000000|  0%| F|  |TAMS 0x0000000093f00000, 0x0000000093f00000| Untracked 
| 320|0x0000000094000000, 0x0000000094000000, 0x0000000094100000|  0%| F|  |TAMS 0x0000000094000000, 0x0000000094000000| Untracked 
| 321|0x0000000094100000, 0x0000000094100000, 0x0000000094200000|  0%| F|  |TAMS 0x0000000094100000, 0x0000000094100000| Untracked 
| 322|0x0000000094200000, 0x0000000094200000, 0x0000000094300000|  0%| F|  |TAMS 0x0000000094200000, 0x0000000094200000| Untracked 
| 323|0x0000000094300000, 0x0000000094300000, 0x0000000094400000|  0%| F|  |TAMS 0x0000000094300000, 0x0000000094300000| Untracked 
| 324|0x0000000094400000, 0x0000000094400000, 0x0000000094500000|  0%| F|  |TAMS 0x0000000094400000, 0x0000000094400000| Untracked 
| 325|0x0000000094500000, 0x0000000094500000, 0x0000000094600000|  0%| F|  |TAMS 0x0000000094500000, 0x0000000094500000| Untracked 
| 326|0x0000000094600000, 0x0000000094600000, 0x0000000094700000|  0%| F|  |TAMS 0x0000000094600000, 0x0000000094600000| Untracked 
| 327|0x0000000094700000, 0x0000000094700000, 0x0000000094800000|  0%| F|  |TAMS 0x0000000094700000, 0x0000000094700000| Untracked 
| 328|0x0000000094800000, 0x0000000094800000, 0x0000000094900000|  0%| F|  |TAMS 0x0000000094800000, 0x0000000094800000| Untracked 
| 329|0x0000000094900000, 0x0000000094900000, 0x0000000094a00000|  0%| F|  |TAMS 0x0000000094900000, 0x0000000094900000| Untracked 
| 330|0x0000000094a00000, 0x0000000094a00000, 0x0000000094b00000|  0%| F|  |TAMS 0x0000000094a00000, 0x0000000094a00000| Untracked 
| 331|0x0000000094b00000, 0x0000000094b00000, 0x0000000094c00000|  0%| F|  |TAMS 0x0000000094b00000, 0x0000000094b00000| Untracked 
| 332|0x0000000094c00000, 0x0000000094c00000, 0x0000000094d00000|  0%| F|  |TAMS 0x0000000094c00000, 0x0000000094c00000| Untracked 
| 333|0x0000000094d00000, 0x0000000094d00000, 0x0000000094e00000|  0%| F|  |TAMS 0x0000000094d00000, 0x0000000094d00000| Untracked 
| 334|0x0000000094e00000, 0x0000000094e00000, 0x0000000094f00000|  0%| F|  |TAMS 0x0000000094e00000, 0x0000000094e00000| Untracked 
| 335|0x0000000094f00000, 0x0000000094f00000, 0x0000000095000000|  0%| F|  |TAMS 0x0000000094f00000, 0x0000000094f00000| Untracked 
| 336|0x0000000095000000, 0x0000000095000000, 0x0000000095100000|  0%| F|  |TAMS 0x0000000095000000, 0x0000000095000000| Untracked 
| 337|0x0000000095100000, 0x0000000095100000, 0x0000000095200000|  0%| F|  |TAMS 0x0000000095100000, 0x0000000095100000| Untracked 
| 338|0x0000000095200000, 0x0000000095200000, 0x0000000095300000|  0%| F|  |TAMS 0x0000000095200000, 0x0000000095200000| Untracked 
| 339|0x0000000095300000, 0x0000000095300000, 0x0000000095400000|  0%| F|  |TAMS 0x0000000095300000, 0x0000000095300000| Untracked 
| 340|0x0000000095400000, 0x0000000095400000, 0x0000000095500000|  0%| F|  |TAMS 0x0000000095400000, 0x0000000095400000| Untracked 
| 341|0x0000000095500000, 0x0000000095500000, 0x0000000095600000|  0%| F|  |TAMS 0x0000000095500000, 0x0000000095500000| Untracked 
| 342|0x0000000095600000, 0x0000000095600000, 0x0000000095700000|  0%| F|  |TAMS 0x0000000095600000, 0x0000000095600000| Untracked 
| 343|0x0000000095700000, 0x0000000095700000, 0x0000000095800000|  0%| F|  |TAMS 0x0000000095700000, 0x0000000095700000| Untracked 
| 344|0x0000000095800000, 0x0000000095800000, 0x0000000095900000|  0%| F|  |TAMS 0x0000000095800000, 0x0000000095800000| Untracked 
| 345|0x0000000095900000, 0x0000000095900000, 0x0000000095a00000|  0%| F|  |TAMS 0x0000000095900000, 0x0000000095900000| Untracked 
| 346|0x0000000095a00000, 0x0000000095a00000, 0x0000000095b00000|  0%| F|  |TAMS 0x0000000095a00000, 0x0000000095a00000| Untracked 
| 347|0x0000000095b00000, 0x0000000095b00000, 0x0000000095c00000|  0%| F|  |TAMS 0x0000000095b00000, 0x0000000095b00000| Untracked 
| 348|0x0000000095c00000, 0x0000000095c00000, 0x0000000095d00000|  0%| F|  |TAMS 0x0000000095c00000, 0x0000000095c00000| Untracked 
| 349|0x0000000095d00000, 0x0000000095d00000, 0x0000000095e00000|  0%| F|  |TAMS 0x0000000095d00000, 0x0000000095d00000| Untracked 
| 350|0x0000000095e00000, 0x0000000095e00000, 0x0000000095f00000|  0%| F|  |TAMS 0x0000000095e00000, 0x0000000095e00000| Untracked 
| 351|0x0000000095f00000, 0x0000000095f00000, 0x0000000096000000|  0%| F|  |TAMS 0x0000000095f00000, 0x0000000095f00000| Untracked 
| 352|0x0000000096000000, 0x0000000096000000, 0x0000000096100000|  0%| F|  |TAMS 0x0000000096000000, 0x0000000096000000| Untracked 
| 353|0x0000000096100000, 0x0000000096100000, 0x0000000096200000|  0%| F|  |TAMS 0x0000000096100000, 0x0000000096100000| Untracked 
| 354|0x0000000096200000, 0x0000000096200000, 0x0000000096300000|  0%| F|  |TAMS 0x0000000096200000, 0x0000000096200000| Untracked 
| 355|0x0000000096300000, 0x0000000096300000, 0x0000000096400000|  0%| F|  |TAMS 0x0000000096300000, 0x0000000096300000| Untracked 
| 356|0x0000000096400000, 0x0000000096400000, 0x0000000096500000|  0%| F|  |TAMS 0x0000000096400000, 0x0000000096400000| Untracked 
| 357|0x0000000096500000, 0x0000000096500000, 0x0000000096600000|  0%| F|  |TAMS 0x0000000096500000, 0x0000000096500000| Untracked 
| 358|0x0000000096600000, 0x0000000096600000, 0x0000000096700000|  0%| F|  |TAMS 0x0000000096600000, 0x0000000096600000| Untracked 
| 359|0x0000000096700000, 0x0000000096700000, 0x0000000096800000|  0%| F|  |TAMS 0x0000000096700000, 0x0000000096700000| Untracked 
| 360|0x0000000096800000, 0x0000000096800000, 0x0000000096900000|  0%| F|  |TAMS 0x0000000096800000, 0x0000000096800000| Untracked 
| 361|0x0000000096900000, 0x0000000096900000, 0x0000000096a00000|  0%| F|  |TAMS 0x0000000096900000, 0x0000000096900000| Untracked 
| 362|0x0000000096a00000, 0x0000000096a00000, 0x0000000096b00000|  0%| F|  |TAMS 0x0000000096a00000, 0x0000000096a00000| Untracked 
| 363|0x0000000096b00000, 0x0000000096b00000, 0x0000000096c00000|  0%| F|  |TAMS 0x0000000096b00000, 0x0000000096b00000| Untracked 
| 364|0x0000000096c00000, 0x0000000096c00000, 0x0000000096d00000|  0%| F|  |TAMS 0x0000000096c00000, 0x0000000096c00000| Untracked 
| 365|0x0000000096d00000, 0x0000000096d00000, 0x0000000096e00000|  0%| F|  |TAMS 0x0000000096d00000, 0x0000000096d00000| Untracked 
| 366|0x0000000096e00000, 0x0000000096e00000, 0x0000000096f00000|  0%| F|  |TAMS 0x0000000096e00000, 0x0000000096e00000| Untracked 
| 367|0x0000000096f00000, 0x0000000096f00000, 0x0000000097000000|  0%| F|  |TAMS 0x0000000096f00000, 0x0000000096f00000| Untracked 
| 368|0x0000000097000000, 0x0000000097000000, 0x0000000097100000|  0%| F|  |TAMS 0x0000000097000000, 0x0000000097000000| Untracked 
| 369|0x0000000097100000, 0x0000000097100000, 0x0000000097200000|  0%| F|  |TAMS 0x0000000097100000, 0x0000000097100000| Untracked 
| 370|0x0000000097200000, 0x0000000097200000, 0x0000000097300000|  0%| F|  |TAMS 0x0000000097200000, 0x0000000097200000| Untracked 
| 371|0x0000000097300000, 0x0000000097350b70, 0x0000000097400000| 31%| S|CS|TAMS 0x0000000097300000, 0x0000000097300000| Complete 
| 372|0x0000000097400000, 0x0000000097500000, 0x0000000097500000|100%| S|CS|TAMS 0x0000000097400000, 0x0000000097400000| Complete 
| 373|0x0000000097500000, 0x0000000097600000, 0x0000000097600000|100%| S|CS|TAMS 0x0000000097500000, 0x0000000097500000| Complete 
| 374|0x0000000097600000, 0x0000000097600000, 0x0000000097700000|  0%| F|  |TAMS 0x0000000097600000, 0x0000000097600000| Untracked 
| 375|0x0000000097700000, 0x0000000097700000, 0x0000000097800000|  0%| F|  |TAMS 0x0000000097700000, 0x0000000097700000| Untracked 
| 376|0x0000000097800000, 0x0000000097800000, 0x0000000097900000|  0%| F|  |TAMS 0x0000000097800000, 0x0000000097800000| Untracked 
| 377|0x0000000097900000, 0x0000000097900000, 0x0000000097a00000|  0%| F|  |TAMS 0x0000000097900000, 0x0000000097900000| Untracked 
| 378|0x0000000097a00000, 0x0000000097a00000, 0x0000000097b00000|  0%| F|  |TAMS 0x0000000097a00000, 0x0000000097a00000| Untracked 
| 379|0x0000000097b00000, 0x0000000097b00000, 0x0000000097c00000|  0%| F|  |TAMS 0x0000000097b00000, 0x0000000097b00000| Untracked 
| 380|0x0000000097c00000, 0x0000000097c00000, 0x0000000097d00000|  0%| F|  |TAMS 0x0000000097c00000, 0x0000000097c00000| Untracked 
| 381|0x0000000097d00000, 0x0000000097d00000, 0x0000000097e00000|  0%| F|  |TAMS 0x0000000097d00000, 0x0000000097d00000| Untracked 
| 382|0x0000000097e00000, 0x0000000097e00000, 0x0000000097f00000|  0%| F|  |TAMS 0x0000000097e00000, 0x0000000097e00000| Untracked 
| 383|0x0000000097f00000, 0x0000000097f00000, 0x0000000098000000|  0%| F|  |TAMS 0x0000000097f00000, 0x0000000097f00000| Untracked 
| 384|0x0000000098000000, 0x0000000098000000, 0x0000000098100000|  0%| F|  |TAMS 0x0000000098000000, 0x0000000098000000| Untracked 
| 385|0x0000000098100000, 0x0000000098100000, 0x0000000098200000|  0%| F|  |TAMS 0x0000000098100000, 0x0000000098100000| Untracked 
| 386|0x0000000098200000, 0x0000000098200000, 0x0000000098300000|  0%| F|  |TAMS 0x0000000098200000, 0x0000000098200000| Untracked 
| 387|0x0000000098300000, 0x0000000098300000, 0x0000000098400000|  0%| F|  |TAMS 0x0000000098300000, 0x0000000098300000| Untracked 
| 388|0x0000000098400000, 0x0000000098400000, 0x0000000098500000|  0%| F|  |TAMS 0x0000000098400000, 0x0000000098400000| Untracked 
| 389|0x0000000098500000, 0x0000000098500000, 0x0000000098600000|  0%| F|  |TAMS 0x0000000098500000, 0x0000000098500000| Untracked 
| 390|0x0000000098600000, 0x0000000098600000, 0x0000000098700000|  0%| F|  |TAMS 0x0000000098600000, 0x0000000098600000| Untracked 
| 391|0x0000000098700000, 0x0000000098700000, 0x0000000098800000|  0%| F|  |TAMS 0x0000000098700000, 0x0000000098700000| Untracked 
| 392|0x0000000098800000, 0x0000000098800000, 0x0000000098900000|  0%| F|  |TAMS 0x0000000098800000, 0x0000000098800000| Untracked 

Card table byte_map: [0x0000019f13460000,0x0000019f13860000] _byte_map_base: 0x0000019f13060000

Marking Bits (Prev, Next): (CMBitMap*) 0x0000019f7d30e110, (CMBitMap*) 0x0000019f7d30e0d8
 Prev Bits: [0x0000019f15c60000, 0x0000019f17c60000)
 Next Bits: [0x0000019f13c60000, 0x0000019f15c60000)

Polling page: 0x0000019f00000000

Metaspace:

Usage:
  Non-class:    142.23 MB capacity,   138.98 MB ( 98%) used,     2.68 MB (  2%) free+waste,   581.56 KB ( <1%) overhead. 
      Class:     21.65 MB capacity,    19.70 MB ( 91%) used,     1.69 MB (  8%) free+waste,   261.13 KB (  1%) overhead. 
       Both:    163.88 MB capacity,   158.68 MB ( 97%) used,     4.38 MB (  3%) free+waste,   842.69 KB ( <1%) overhead. 

Virtual space:
  Non-class space:      144.00 MB reserved,     142.45 MB ( 99%) committed 
      Class space:        1.00 GB reserved,      21.75 MB (  2%) committed 
             Both:        1.14 GB reserved,     164.20 MB ( 14%) committed 

Chunk freelists:
   Non-Class:  34.00 KB
       Class:  8.00 KB
        Both:  42.00 KB

MaxMetaspaceSize: 17179869184.00 GB
CompressedClassSpaceSize: 1.00 GB

CodeHeap 'non-profiled nmethods': size=120064Kb used=18060Kb max_used=18271Kb free=102003Kb
 bounds [0x0000019f0b4f0000, 0x0000019f0c6d0000, 0x0000019f12a30000]
CodeHeap 'profiled nmethods': size=120000Kb used=54473Kb max_used=54473Kb free=65526Kb
 bounds [0x0000019f03fc0000, 0x0000019f07530000, 0x0000019f0b4f0000]
CodeHeap 'non-nmethods': size=5696Kb used=2423Kb max_used=2479Kb free=3272Kb
 bounds [0x0000019f03a30000, 0x0000019f03cc0000, 0x0000019f03fc0000]
 total_blobs=26000 nmethods=24915 adapters=994
 compilation: enabled
              stopped_count=0, restarted_count=0
 full_count=0

Compilation events (20 events):
Event: 6636.601 Thread 0x0000019f1a2d5000 29351       2       com.android.tools.r8.internal.AA::a (55 bytes)
Event: 6636.601 Thread 0x0000019f1a2d5000 nmethod 29351 0x0000019f06976d10 code [0x0000019f06976f00, 0x0000019f069771a8]
Event: 6636.601 Thread 0x0000019f1a2d5000 29350       2       com.android.tools.r8.internal.AA::get (16 bytes)
Event: 6636.602 Thread 0x0000019f1a2d5000 nmethod 29350 0x0000019f06976990 code [0x0000019f06976b40, 0x0000019f06976c68]
Event: 6636.617 Thread 0x0000019f1a2d5000 29352 %     3       com.android.tools.r8.graph.Z0::a @ 20 (105 bytes)
Event: 6636.618 Thread 0x0000019f1a2d5000 nmethod 29352% 0x0000019f0751e710 code [0x0000019f0751e9a0, 0x0000019f0751fab8]
Event: 6636.632 Thread 0x0000019f1a2d5000 29353       2       com.android.tools.r8.internal.pr::e (11 bytes)
Event: 6636.633 Thread 0x0000019f1a2d5000 nmethod 29353 0x0000019f06976490 code [0x0000019f06976640, 0x0000019f06976808]
Event: 6636.633 Thread 0x0000019f1a2d5000 29354       2       com.android.tools.r8.internal.pr$$Lambda$1701/0x0000000101133440::get$Lambda (9 bytes)
Event: 6636.633 Thread 0x0000019f1a2d5000 nmethod 29354 0x0000019f0751ff10 code [0x0000019f075200c0, 0x0000019f07520238]
Event: 6636.633 Thread 0x0000019f1a2d5000 29355       2       com.android.tools.r8.internal.pr::i (7 bytes)
Event: 6636.633 Thread 0x0000019f1a2d5000 nmethod 29355 0x0000019f07520310 code [0x0000019f075204c0, 0x0000019f07520658]
Event: 6636.637 Thread 0x0000019f1a2d5000 29356       3       com.android.tools.r8.graph.Z0::a (105 bytes)
Event: 6636.638 Thread 0x0000019f1a2d5000 nmethod 29356 0x0000019f07520790 code [0x0000019f07520a20, 0x0000019f07521a38]
Event: 6636.655 Thread 0x0000019f1a2d5000 29357       2       com.android.tools.r8.internal.pr$$Lambda$1702/0x0000000101133840::iterator (8 bytes)
Event: 6636.656 Thread 0x0000019f1a2d5000 nmethod 29357 0x0000019f07521e10 code [0x0000019f07522000, 0x0000019f075224f8]
Event: 6636.657 Thread 0x0000019f1a2d5000 29358       2       com.android.tools.r8.internal.pr::l (25 bytes)
Event: 6636.657 Thread 0x0000019f1a2d5000 nmethod 29358 0x0000019f07522710 code [0x0000019f07522900, 0x0000019f07522dd8]
Event: 6636.716 Thread 0x0000019f1a2d5000 29361       2       com.android.tools.r8.internal.pr::f (11 bytes)
Event: 6636.717 Thread 0x0000019f1a2d5000 nmethod 29361 0x0000019f07522f90 code [0x0000019f07523140, 0x0000019f07523308]

GC Heap History (20 events):
Event: 6628.623 GC heap after
{Heap after GC invocations=113 (full 0):
 garbage-first heap   total 402432K, used 212348K [0x0000000080000000, 0x0000000100000000)
  region size 1024K, 5 young (5120K), 5 survivors (5120K)
 Metaspace       used 161498K, capacity 166775K, committed 166988K, reserved 1193984K
  class space    used 20100K, capacity 22065K, committed 22144K, reserved 1048576K
}
Event: 6629.464 GC heap before
{Heap before GC invocations=113 (full 0):
 garbage-first heap   total 402432K, used 259452K [0x0000000080000000, 0x0000000100000000)
  region size 1024K, 43 young (44032K), 5 survivors (5120K)
 Metaspace       used 161537K, capacity 166840K, committed 166988K, reserved 1193984K
  class space    used 20100K, capacity 22065K, committed 22144K, reserved 1048576K
}
Event: 6629.509 GC heap after
{Heap after GC invocations=114 (full 0):
 garbage-first heap   total 402432K, used 216298K [0x0000000080000000, 0x0000000100000000)
  region size 1024K, 4 young (4096K), 4 survivors (4096K)
 Metaspace       used 161537K, capacity 166840K, committed 166988K, reserved 1193984K
  class space    used 20100K, capacity 22065K, committed 22144K, reserved 1048576K
}
Event: 6629.656 GC heap before
{Heap before GC invocations=114 (full 0):
 garbage-first heap   total 402432K, used 236778K [0x0000000080000000, 0x0000000100000000)
  region size 1024K, 24 young (24576K), 4 survivors (4096K)
 Metaspace       used 161540K, capacity 166840K, committed 166988K, reserved 1193984K
  class space    used 20100K, capacity 22065K, committed 22144K, reserved 1048576K
}
Event: 6629.665 GC heap after
{Heap after GC invocations=115 (full 0):
 garbage-first heap   total 402432K, used 216989K [0x0000000080000000, 0x0000000100000000)
  region size 1024K, 1 young (1024K), 1 survivors (1024K)
 Metaspace       used 161540K, capacity 166840K, committed 166988K, reserved 1193984K
  class space    used 20100K, capacity 22065K, committed 22144K, reserved 1048576K
}
Event: 6630.058 GC heap before
{Heap before GC invocations=115 (full 0):
 garbage-first heap   total 402432K, used 269213K [0x0000000080000000, 0x0000000100000000)
  region size 1024K, 37 young (37888K), 1 survivors (1024K)
 Metaspace       used 161576K, capacity 166840K, committed 166988K, reserved 1193984K
  class space    used 20100K, capacity 22065K, committed 22144K, reserved 1048576K
}
Event: 6630.065 GC heap after
{Heap after GC invocations=116 (full 0):
 garbage-first heap   total 402432K, used 217348K [0x0000000080000000, 0x0000000100000000)
  region size 1024K, 1 young (1024K), 1 survivors (1024K)
 Metaspace       used 161576K, capacity 166840K, committed 166988K, reserved 1193984K
  class space    used 20100K, capacity 22065K, committed 22144K, reserved 1048576K
}
Event: 6630.833 GC heap before
{Heap before GC invocations=116 (full 0):
 garbage-first heap   total 402432K, used 258308K [0x0000000080000000, 0x0000000100000000)
  region size 1024K, 42 young (43008K), 1 survivors (1024K)
 Metaspace       used 161599K, capacity 166906K, committed 166988K, reserved 1193984K
  class space    used 20100K, capacity 22065K, committed 22144K, reserved 1048576K
}
Event: 6630.860 GC heap after
{Heap after GC invocations=117 (full 0):
 garbage-first heap   total 402432K, used 221420K [0x0000000080000000, 0x0000000100000000)
  region size 1024K, 5 young (5120K), 5 survivors (5120K)
 Metaspace       used 161599K, capacity 166906K, committed 166988K, reserved 1193984K
  class space    used 20100K, capacity 22065K, committed 22144K, reserved 1048576K
}
Event: 6631.678 GC heap before
{Heap before GC invocations=117 (full 0):
 garbage-first heap   total 402432K, used 265452K [0x0000000080000000, 0x0000000100000000)
  region size 1024K, 49 young (50176K), 5 survivors (5120K)
 Metaspace       used 161687K, capacity 166970K, committed 167244K, reserved 1193984K
  class space    used 20101K, capacity 22065K, committed 22144K, reserved 1048576K
}
Event: 6631.689 GC heap after
{Heap after GC invocations=118 (full 0):
 garbage-first heap   total 402432K, used 218156K [0x0000000080000000, 0x0000000100000000)
  region size 1024K, 1 young (1024K), 1 survivors (1024K)
 Metaspace       used 161687K, capacity 166970K, committed 167244K, reserved 1193984K
  class space    used 20101K, capacity 22065K, committed 22144K, reserved 1048576K
}
Event: 6634.813 GC heap before
{Heap before GC invocations=118 (full 0):
 garbage-first heap   total 402432K, used 301100K [0x0000000080000000, 0x0000000100000000)
  region size 1024K, 59 young (60416K), 1 survivors (1024K)
 Metaspace       used 162472K, capacity 167806K, committed 168140K, reserved 1196032K
  class space    used 20173K, capacity 22168K, committed 22272K, reserved 1048576K
}
Event: 6634.890 GC heap after
{Heap after GC invocations=119 (full 0):
 garbage-first heap   total 402432K, used 241454K [0x0000000080000000, 0x0000000100000000)
  region size 1024K, 8 young (8192K), 8 survivors (8192K)
 Metaspace       used 162472K, capacity 167806K, committed 168140K, reserved 1196032K
  class space    used 20173K, capacity 22168K, committed 22272K, reserved 1048576K
}
Event: 6635.285 GC heap before
{Heap before GC invocations=119 (full 0):
 garbage-first heap   total 402432K, used 301870K [0x0000000080000000, 0x0000000100000000)
  region size 1024K, 67 young (68608K), 8 survivors (8192K)
 Metaspace       used 162475K, capacity 167806K, committed 168140K, reserved 1196032K
  class space    used 20173K, capacity 22168K, committed 22272K, reserved 1048576K
}
Event: 6635.705 GC heap after
{Heap after GC invocations=120 (full 0):
 garbage-first heap   total 402432K, used 270065K [0x0000000080000000, 0x0000000100000000)
  region size 1024K, 9 young (9216K), 9 survivors (9216K)
 Metaspace       used 162475K, capacity 167806K, committed 168140K, reserved 1196032K
  class space    used 20173K, capacity 22168K, committed 22272K, reserved 1048576K
}
Event: 6636.010 GC heap before
{Heap before GC invocations=120 (full 0):
 garbage-first heap   total 402432K, used 306929K [0x0000000080000000, 0x0000000100000000)
  region size 1024K, 46 young (47104K), 9 survivors (9216K)
 Metaspace       used 162475K, capacity 167806K, committed 168140K, reserved 1196032K
  class space    used 20173K, capacity 22168K, committed 22272K, reserved 1048576K
}
Event: 6636.313 GC heap after
{Heap after GC invocations=121 (full 0):
 garbage-first heap   total 402432K, used 290304K [0x0000000080000000, 0x0000000100000000)
  region size 1024K, 6 young (6144K), 6 survivors (6144K)
 Metaspace       used 162475K, capacity 167806K, committed 168140K, reserved 1196032K
  class space    used 20173K, capacity 22168K, committed 22272K, reserved 1048576K
}
Event: 6636.476 GC heap before
{Heap before GC invocations=121 (full 0):
 garbage-first heap   total 402432K, used 303616K [0x0000000080000000, 0x0000000100000000)
  region size 1024K, 19 young (19456K), 6 survivors (6144K)
 Metaspace       used 162476K, capacity 167806K, committed 168140K, reserved 1196032K
  class space    used 20173K, capacity 22168K, committed 22272K, reserved 1048576K
}
Event: 6636.527 GC heap after
{Heap after GC invocations=122 (full 0):
 garbage-first heap   total 402432K, used 296448K [0x0000000080000000, 0x0000000100000000)
  region size 1024K, 3 young (3072K), 3 survivors (3072K)
 Metaspace       used 162476K, capacity 167806K, committed 168140K, reserved 1196032K
  class space    used 20173K, capacity 22168K, committed 22272K, reserved 1048576K
}
Event: 6636.735 GC heap before
{Heap before GC invocations=122 (full 0):
 garbage-first heap   total 402432K, used 312832K [0x0000000080000000, 0x0000000100000000)
  region size 1024K, 19 young (19456K), 3 survivors (3072K)
 Metaspace       used 162486K, capacity 167810K, committed 168140K, reserved 1196032K
  class space    used 20173K, capacity 22168K, committed 22272K, reserved 1048576K
}

Deoptimization events (20 events):
Event: 6635.060 Thread 0x0000019f22174000 Uncommon trap: trap_request=0xffffff4d fr.pc=0x0000019f0bacd190 relative=0x0000000000000350
Event: 6635.060 Thread 0x0000019f22174000 Uncommon trap: reason=unstable_if action=reinterpret pc=0x0000019f0bacd190 method=java.util.concurrent.ConcurrentLinkedQueue.offer(Ljava/lang/Object;)Z @ 42 c2
Event: 6635.060 Thread 0x0000019f22174000 DEOPT PACKING pc=0x0000019f0bacd190 sp=0x000000897bdfea10
Event: 6635.062 Thread 0x0000019f22174000 DEOPT UNPACKING pc=0x0000019f03a56ca9 sp=0x000000897bdfe948 mode 2
Event: 6635.073 Thread 0x0000019f22176000 DEOPT PACKING pc=0x0000019f066e8205 sp=0x000000897bffe920
Event: 6635.073 Thread 0x0000019f22176000 DEOPT UNPACKING pc=0x0000019f03a56abf sp=0x000000897bffdf48 mode 0
Event: 6635.082 Thread 0x0000019f22176000 DEOPT PACKING pc=0x0000019f066e8205 sp=0x000000897bffe920
Event: 6635.082 Thread 0x0000019f22176000 DEOPT UNPACKING pc=0x0000019f03a56abf sp=0x000000897bffdf48 mode 0
Event: 6635.089 Thread 0x0000019f22176800 DEOPT PACKING pc=0x0000019f066e8205 sp=0x000000897befeb60
Event: 6635.089 Thread 0x0000019f22176800 DEOPT UNPACKING pc=0x0000019f03a56abf sp=0x000000897befe188 mode 0
Event: 6635.094 Thread 0x0000019f22174000 DEOPT PACKING pc=0x0000019f066e8205 sp=0x000000897bdfe7f0
Event: 6635.094 Thread 0x0000019f22174000 DEOPT UNPACKING pc=0x0000019f03a56abf sp=0x000000897bdfde18 mode 0
Event: 6635.098 Thread 0x0000019f22174000 DEOPT PACKING pc=0x0000019f066e8205 sp=0x000000897bdfe7f0
Event: 6635.099 Thread 0x0000019f22174000 DEOPT UNPACKING pc=0x0000019f03a56abf sp=0x000000897bdfde18 mode 0
Event: 6635.102 Thread 0x0000019f22174000 DEOPT PACKING pc=0x0000019f066e8205 sp=0x000000897bdfe7f0
Event: 6635.102 Thread 0x0000019f22174000 DEOPT UNPACKING pc=0x0000019f03a56abf sp=0x000000897bdfde18 mode 0
Event: 6635.103 Thread 0x0000019f22174000 Uncommon trap: trap_request=0xffffff76 fr.pc=0x0000019f0c262e48 relative=0x0000000000007128
Event: 6635.103 Thread 0x0000019f22174000 Uncommon trap: reason=loop_limit_check action=maybe_recompile pc=0x0000019f0c262e48 method=com.android.tools.r8.internal.Rg.g(I)I @ 15 c2
Event: 6635.106 Thread 0x0000019f22174000 DEOPT PACKING pc=0x0000019f0c262e48 sp=0x000000897bdfe910
Event: 6635.106 Thread 0x0000019f22174000 DEOPT UNPACKING pc=0x0000019f03a56ca9 sp=0x000000897bdfe820 mode 2

Classes redefined (0 events):
No events

Internal exceptions (20 events):
Event: 6578.191 Thread 0x0000019f279e8000 Exception <a 'java/lang/NoSuchMethodError'{0x00000000983d88c8}: <clinit>> (0x00000000983d88c8) thrown at [./src/hotspot/share/prims/jni.cpp, line 1362]
Event: 6578.440 Thread 0x0000019f1f182000 Exception <a 'sun/nio/fs/WindowsException'{0x00000000982eed20}> (0x00000000982eed20) thrown at [./src/hotspot/share/prims/jni.cpp, line 615]
Event: 6621.059 Thread 0x0000019f279e8000 Exception <a 'sun/nio/fs/WindowsException'{0x0000000096d7b750}> (0x0000000096d7b750) thrown at [./src/hotspot/share/prims/jni.cpp, line 615]
Event: 6622.382 Thread 0x0000019f279e8000 Exception <a 'sun/nio/fs/WindowsException'{0x000000009825abe8}> (0x000000009825abe8) thrown at [./src/hotspot/share/prims/jni.cpp, line 615]
Event: 6622.632 Thread 0x0000019f279e8000 Exception <a 'sun/nio/fs/WindowsException'{0x00000000982f7c70}> (0x00000000982f7c70) thrown at [./src/hotspot/share/prims/jni.cpp, line 615]
Event: 6622.633 Thread 0x0000019f279e8000 Exception <a 'sun/nio/fs/WindowsException'{0x00000000982f8d40}> (0x00000000982f8d40) thrown at [./src/hotspot/share/prims/jni.cpp, line 615]
Event: 6622.633 Thread 0x0000019f279e8000 Exception <a 'sun/nio/fs/WindowsException'{0x00000000982f9e60}> (0x00000000982f9e60) thrown at [./src/hotspot/share/prims/jni.cpp, line 615]
Event: 6622.634 Thread 0x0000019f279e8000 Exception <a 'sun/nio/fs/WindowsException'{0x00000000982faf80}> (0x00000000982faf80) thrown at [./src/hotspot/share/prims/jni.cpp, line 615]
Event: 6623.016 Thread 0x0000019f279e8000 Exception <a 'sun/nio/fs/WindowsException'{0x0000000097da7000}> (0x0000000097da7000) thrown at [./src/hotspot/share/prims/jni.cpp, line 615]
Event: 6628.127 Thread 0x0000019f279f0000 Implicit null exception at 0x0000019f0bda81f0 to 0x0000019f0bda8276
Event: 6632.401 Thread 0x0000019f279e8800 Exception <a 'sun/nio/fs/WindowsException'{0x0000000096e744b8}> (0x0000000096e744b8) thrown at [./src/hotspot/share/prims/jni.cpp, line 615]
Event: 6632.453 Thread 0x0000019f279e8800 Exception <a 'sun/nio/fs/WindowsException'{0x0000000096ebd4e8}> (0x0000000096ebd4e8) thrown at [./src/hotspot/share/prims/jni.cpp, line 615]
Event: 6632.957 Thread 0x0000019f279e8800 Exception <a 'sun/nio/fs/WindowsException'{0x00000000965e4db8}> (0x00000000965e4db8) thrown at [./src/hotspot/share/prims/jni.cpp, line 615]
Event: 6633.661 Thread 0x0000019f279e8800 Implicit null exception at 0x0000019f0bbd6810 to 0x0000019f0bbd6adc
Event: 6633.664 Thread 0x0000019f279e8800 Implicit null exception at 0x0000019f0bb33e00 to 0x0000019f0bb33edc
Event: 6633.664 Thread 0x0000019f279e8800 Implicit null exception at 0x0000019f0bb34750 to 0x0000019f0bb347bc
Event: 6634.113 Thread 0x0000019f279e8800 Exception <a 'java/lang/NoSuchMethodError'{0x0000000095e633f8}: 'java.lang.Object java.lang.invoke.DirectMethodHandle$Holder.invokeInterface(java.lang.Object, java.lang.Object, int)'> (0x0000000095e633f8) thrown at [./src/hotspot/share/interpreter/linkResolver.cpp, line 773]
Event: 6634.352 Thread 0x0000019f279e8800 Exception <a 'sun/nio/fs/WindowsException'{0x00000000959d66a0}> (0x00000000959d66a0) thrown at [./src/hotspot/share/prims/jni.cpp, line 615]
Event: 6634.355 Thread 0x0000019f279e8800 Implicit null exception at 0x0000019f0c1d8b20 to 0x0000019f0c1d9294
Event: 6634.625 Thread 0x0000019f279ee800 Exception <a 'sun/nio/fs/WindowsException'{0x00000000953e9550}> (0x00000000953e9550) thrown at [./src/hotspot/share/prims/jni.cpp, line 615]

Events (20 events):
Event: 6636.392 Executing VM operation: RevokeBias
Event: 6636.392 Executing coalesced safepoint VM operation: RevokeBias
Event: 6636.392 Executing coalesced safepoint VM operation: RevokeBias done
Event: 6636.392 Executing coalesced safepoint VM operation: RevokeBias
Event: 6636.392 Executing coalesced safepoint VM operation: RevokeBias done
Event: 6636.392 Executing coalesced safepoint VM operation: RevokeBias
Event: 6636.392 Executing coalesced safepoint VM operation: RevokeBias done
Event: 6636.392 Executing VM operation: RevokeBias done
Event: 6636.392 Executing VM operation: RevokeBias
Event: 6636.393 Executing coalesced safepoint VM operation: RevokeBias
Event: 6636.393 Executing coalesced safepoint VM operation: RevokeBias done
Event: 6636.393 Executing coalesced safepoint VM operation: BulkRevokeBias
Event: 6636.394 Executing coalesced safepoint VM operation: BulkRevokeBias done
Event: 6636.394 Executing VM operation: RevokeBias done
Event: 6636.467 Executing VM operation: G1CollectForAllocation
Event: 6636.528 Executing VM operation: G1CollectForAllocation done
Event: 6636.555 Executing VM operation: RevokeBias
Event: 6636.560 Executing VM operation: RevokeBias done
Event: 6636.561 Thread 0x0000019f2216c000 Thread exited: 0x0000019f2216c000
Event: 6636.731 Executing VM operation: G1CollectForAllocation


Dynamic libraries:
0x00007ff6004f0000 - 0x00007ff6004fa000 	C:\Program Files\Android\Android Studio\jre\bin\java.exe
0x00007ff9de9c0000 - 0x00007ff9debb0000 	C:\Windows\SYSTEM32\ntdll.dll
0x00007ff9dcbc0000 - 0x00007ff9dcc72000 	C:\Windows\System32\KERNEL32.DLL
0x00007ff9dc4c0000 - 0x00007ff9dc765000 	C:\Windows\System32\KERNELBASE.dll
0x00007ff9dc8c0000 - 0x00007ff9dc9ba000 	C:\Windows\System32\ucrtbase.dll
0x00007ff9c9430000 - 0x00007ff9c9447000 	C:\Program Files\Android\Android Studio\jre\bin\VCRUNTIME140.dll
0x00007ff9c9090000 - 0x00007ff9c90a9000 	C:\Program Files\Android\Android Studio\jre\bin\jli.dll
0x00007ff9ca050000 - 0x00007ff9ca2d4000 	C:\Windows\WinSxS\amd64_microsoft.windows.common-controls_6595b64144ccf1df_6.0.18362.1556_none_9e7e372fe45e41d5\COMCTL32.dll
0x00007ff9dd960000 - 0x00007ff9dd9fe000 	C:\Windows\System32\msvcrt.dll
0x00007ff9dde40000 - 0x00007ff9de176000 	C:\Windows\System32\combase.dll
0x00007ff9dcc80000 - 0x00007ff9dcd9f000 	C:\Windows\System32\RPCRT4.dll
0x00007ff9dc770000 - 0x00007ff9dc7f1000 	C:\Windows\System32\bcryptPrimitives.dll
0x00007ff9dd740000 - 0x00007ff9dd766000 	C:\Windows\System32\GDI32.dll
0x00007ff9dc800000 - 0x00007ff9dc821000 	C:\Windows\System32\win32u.dll
0x00007ff9dbb50000 - 0x00007ff9dbce8000 	C:\Windows\System32\gdi32full.dll
0x00007ff9ddca0000 - 0x00007ff9dde34000 	C:\Windows\System32\USER32.dll
0x00007ff9db950000 - 0x00007ff9db9ee000 	C:\Windows\System32\msvcp_win.dll
0x00007ff9dd090000 - 0x00007ff9dd0be000 	C:\Windows\System32\IMM32.DLL
0x00007ff9a9b90000 - 0x00007ff9a9c2d000 	C:\Program Files\Android\Android Studio\jre\bin\msvcp140.dll
0x00007ff98ff50000 - 0x00007ff990a1f000 	C:\Program Files\Android\Android Studio\jre\bin\server\jvm.dll
0x00007ff9dd0c0000 - 0x00007ff9dd163000 	C:\Windows\System32\ADVAPI32.dll
0x00007ff9de8d0000 - 0x00007ff9de967000 	C:\Windows\System32\sechost.dll
0x00007ff9dd6c0000 - 0x00007ff9dd6c8000 	C:\Windows\System32\PSAPI.DLL
0x00007ff9d8cb0000 - 0x00007ff9d8cb9000 	C:\Windows\SYSTEM32\WSOCK32.dll
0x00007ff9dd170000 - 0x00007ff9dd1df000 	C:\Windows\System32\WS2_32.dll
0x00007ff9d89c0000 - 0x00007ff9d89e4000 	C:\Windows\SYSTEM32\WINMM.dll
0x00007ff9d49c0000 - 0x00007ff9d49ca000 	C:\Windows\SYSTEM32\VERSION.dll
0x00007ff9d8990000 - 0x00007ff9d89bd000 	C:\Windows\SYSTEM32\WINMMBASE.dll
0x00007ff9dc470000 - 0x00007ff9dc4ba000 	C:\Windows\System32\cfgmgr32.dll
0x00007ff9db8a0000 - 0x00007ff9db8b1000 	C:\Windows\System32\kernel.appcore.dll
0x00007ff9d6930000 - 0x00007ff9d6941000 	C:\Program Files\Android\Android Studio\jre\bin\verify.dll
0x00007ff9da170000 - 0x00007ff9da364000 	C:\Windows\SYSTEM32\DBGHELP.DLL
0x00007ff9c44a0000 - 0x00007ff9c44ca000 	C:\Windows\SYSTEM32\dbgcore.DLL
0x00007ff9d15a0000 - 0x00007ff9d15c9000 	C:\Program Files\Android\Android Studio\jre\bin\java.dll
0x00007ff9d7910000 - 0x00007ff9d791b000 	C:\Program Files\Android\Android Studio\jre\bin\jimage.dll
0x00007ff9d4a90000 - 0x00007ff9d4aa8000 	C:\Program Files\Android\Android Studio\jre\bin\zip.dll
0x00007ff9de180000 - 0x00007ff9de867000 	C:\Windows\System32\SHELL32.dll
0x00007ff9dcf80000 - 0x00007ff9dd028000 	C:\Windows\System32\shcore.dll
0x00007ff9dbcf0000 - 0x00007ff9dc46b000 	C:\Windows\System32\windows.storage.dll
0x00007ff9db880000 - 0x00007ff9db89e000 	C:\Windows\System32\profapi.dll
0x00007ff9db8c0000 - 0x00007ff9db90a000 	C:\Windows\System32\powrprof.dll
0x00007ff9db870000 - 0x00007ff9db880000 	C:\Windows\System32\UMPDC.dll
0x00007ff9dd030000 - 0x00007ff9dd082000 	C:\Windows\System32\shlwapi.dll
0x00007ff9db930000 - 0x00007ff9db947000 	C:\Windows\System32\cryptsp.dll
0x00007ff9d1d50000 - 0x00007ff9d1d6a000 	C:\Program Files\Android\Android Studio\jre\bin\net.dll
0x00007ff9d1e80000 - 0x00007ff9d1f7a000 	C:\Windows\SYSTEM32\WINHTTP.dll
0x00007ff9db050000 - 0x00007ff9db0b7000 	C:\Windows\system32\mswsock.dll
0x00007ff9d1580000 - 0x00007ff9d1594000 	C:\Program Files\Android\Android Studio\jre\bin\nio.dll
0x00007ff9c9560000 - 0x00007ff9c9587000 	C:\Users\ACER\.gradle\native\8bec1ad78214c89d9ad589b4d07fe93259594b29d510b10fafb7a158f7737e5d\windows-amd64\native-platform.dll
0x00007ff9b4e20000 - 0x00007ff9b4f5d000 	C:\Users\ACER\.gradle\native\53dbd7edfb1c66fb8903c78663c9afc45aea4f116125fa6feffd364cf09443e8\windows-amd64\native-platform-file-events.dll
0x00007ff9d7720000 - 0x00007ff9d772a000 	C:\Program Files\Android\Android Studio\jre\bin\management.dll
0x00007ff9d6f60000 - 0x00007ff9d6f6c000 	C:\Program Files\Android\Android Studio\jre\bin\management_ext.dll
0x00007ff9dabd0000 - 0x00007ff9dac03000 	C:\Windows\system32\rsaenh.dll
0x00007ff9dc890000 - 0x00007ff9dc8b6000 	C:\Windows\System32\bcrypt.dll
0x00007ff9db790000 - 0x00007ff9db7b5000 	C:\Windows\SYSTEM32\USERENV.dll
0x00007ff9db220000 - 0x00007ff9db22c000 	C:\Windows\SYSTEM32\CRYPTBASE.dll
0x00007ff9dad60000 - 0x00007ff9dad9a000 	C:\Windows\SYSTEM32\IPHLPAPI.DLL
0x00007ff9de970000 - 0x00007ff9de978000 	C:\Windows\System32\NSI.dll
0x00007ff9d1d90000 - 0x00007ff9d1da6000 	C:\Windows\SYSTEM32\dhcpcsvc6.DLL
0x00007ff9d1d70000 - 0x00007ff9d1d8c000 	C:\Windows\SYSTEM32\dhcpcsvc.DLL
0x00007ff9dada0000 - 0x00007ff9dae6b000 	C:\Windows\SYSTEM32\DNSAPI.dll
0x00007ff9cafc0000 - 0x00007ff9cafde000 	C:\Users\ACER\AppData\Local\Temp\native-platform12040892104873289735dir\native-platform.dll
0x00007ff9c8d90000 - 0x00007ff9c8d98000 	C:\Program Files\Android\Android Studio\jre\bin\rmi.dll
0x00007ff9cbe50000 - 0x00007ff9cbe77000 	C:\Program Files\Android\Android Studio\jre\bin\sunec.dll
0x00007ff9d1d40000 - 0x00007ff9d1d4a000 	C:\Windows\System32\rasadhlp.dll
0x00007ff9d1e00000 - 0x00007ff9d1e77000 	C:\Windows\System32\fwpuclnt.dll
0x00007ff9da8b0000 - 0x00007ff9da8e1000 	C:\Windows\SYSTEM32\ntmarta.dll

dbghelp: loaded successfully - version: 4.0.5 - missing functions: none
symbol engine: initialized successfully - sym options: 0x614 - pdb path: .;C:\Program Files\Android\Android Studio\jre\bin;C:\Windows\SYSTEM32;C:\Windows\WinSxS\amd64_microsoft.windows.common-controls_6595b64144ccf1df_6.0.18362.1556_none_9e7e372fe45e41d5;C:\Program Files\Android\Android Studio\jre\bin\server;C:\Users\ACER\.gradle\native\8bec1ad78214c89d9ad589b4d07fe93259594b29d510b10fafb7a158f7737e5d\windows-amd64;C:\Users\ACER\.gradle\native\53dbd7edfb1c66fb8903c78663c9afc45aea4f116125fa6feffd364cf09443e8\windows-amd64;C:\Users\ACER\AppData\Local\Temp\native-platform12040892104873289735dir

VM Arguments:
jvm_args: --add-opens=java.base/java.util=ALL-UNNAMED --add-opens=java.base/java.lang=ALL-UNNAMED --add-opens=java.base/java.lang.invoke=ALL-UNNAMED --add-opens=java.base/java.util=ALL-UNNAMED --add-opens=java.prefs/java.util.prefs=ALL-UNNAMED --add-opens=java.prefs/java.util.prefs=ALL-UNNAMED --add-opens=java.base/java.nio.charset=ALL-UNNAMED --add-opens=java.base/java.net=ALL-UNNAMED --add-opens=java.base/java.util.concurrent.atomic=ALL-UNNAMED -Xmx2048m -Dfile.encoding=UTF-8 -Duser.country=ID -Duser.language=en -Duser.variant 
java_command: org.gradle.launcher.daemon.bootstrap.GradleDaemon 7.0.2
java_class_path (initial): C:\Users\ACER\.gradle\wrapper\dists\gradle-7.0.2-bin\857tjihv64xamwrf0h14cai3r\gradle-7.0.2\lib\gradle-launcher-7.0.2.jar
Launcher Type: SUN_STANDARD

[Global flags]
     intx CICompilerCount                          = 3                                         {product} {ergonomic}
     uint ConcGCThreads                            = 1                                         {product} {ergonomic}
     uint G1ConcRefinementThreads                  = 4                                         {product} {ergonomic}
   size_t G1HeapRegionSize                         = 1048576                                   {product} {ergonomic}
    uintx GCDrainStackTargetSize                   = 64                                        {product} {ergonomic}
   size_t InitialHeapSize                          = 65011712                                  {product} {ergonomic}
   size_t MarkStackSize                            = 4194304                                   {product} {ergonomic}
   size_t MaxHeapSize                              = 2147483648                                {product} {command line}
   size_t MaxNewSize                               = 1287651328                                {product} {ergonomic}
   size_t MinHeapDeltaBytes                        = 1048576                                   {product} {ergonomic}
    uintx NonNMethodCodeHeapSize                   = 5830732                                {pd product} {ergonomic}
    uintx NonProfiledCodeHeapSize                  = 122913754                              {pd product} {ergonomic}
    uintx ProfiledCodeHeapSize                     = 122913754                              {pd product} {ergonomic}
    uintx ReservedCodeCacheSize                    = 251658240                              {pd product} {ergonomic}
     bool SegmentedCodeCache                       = true                                      {product} {ergonomic}
     bool UseCompressedClassPointers               = true                                 {lp64_product} {ergonomic}
     bool UseCompressedOops                        = true                                 {lp64_product} {ergonomic}
     bool UseG1GC                                  = true                                      {product} {ergonomic}
     bool UseLargePagesIndividualAllocation        = false                                  {pd product} {ergonomic}

Logging:
Log output configuration:
 #0: stdout all=warning uptime,level,tags
 #1: stderr all=off uptime,level,tags

Environment Variables:
PATH=C:\Program Files (x86)\Common Files\Intel\Shared Files\cpp\bin\Intel64;C:\Windows\system32;C:\Windows;C:\Windows\System32\Wbem;C:\Windows\System32\WindowsPowerShell\v1.0\;C:\Windows\System32\OpenSSH\;C:\Users\ACER\AppData\Local\Microsoft\WindowsApps;C:\Users\ACER\AppData\Local\GitHubDesktop\bin;C:\Users\ACER\AppData\Local\Programs\Microsoft VS Code\bin
USERNAME=ACER
OS=Windows_NT
PROCESSOR_IDENTIFIER=Intel64 Family 6 Model 122 Stepping 8, GenuineIntel



---------------  S Y S T E M  ---------------

OS: Windows 10 , 64 bit Build 18362 (10.0.18362.1500)
OS uptime: 2 days 10:23 hours

CPU:total 4 (initial active 4) (4 cores per cpu, 1 threads per core) family 6 model 122 stepping 8 microcode 0x18, cmov, cx8, fxsr, mmx, sse, sse2, sse3, ssse3, sse4.1, sse4.2, popcnt, aes, clmul, erms, 3dnowpref, tsc, tscinvbit, sha

Memory: 4k page, system-wide physical 3899M (169M free)
TotalPageFile size 10932M (AvailPageFile size 6M)
current process WorkingSet (physical memory assigned to process): 327M, peak: 646M
current process commit charge ("private bytes"): 1311M, peak: 1314M

vm_info: OpenJDK 64-Bit Server VM (11.0.10+0-b96-7249189) for windows-amd64 JRE (11.0.10+0-b96-7249189), built on Mar 31 2021 21:44:00 by "builder" with MS VC++ 14.0 (VS2015)

END.
